Analysis & Synthesis report for ex3
Mon Nov 11 20:14:19 2024
Quartus II 64-Bit Version 13.0.0 Build 156 04/24/2013 SJ Full Version


---------------------
; Table of Contents ;
---------------------
  1. Legal Notice
  2. Analysis & Synthesis Summary
  3. Analysis & Synthesis Settings
  4. Parallel Compilation
  5. Analysis & Synthesis Source Files Read
  6. Analysis & Synthesis Resource Usage Summary
  7. Analysis & Synthesis Resource Utilization by Entity
  8. Analysis & Synthesis IP Cores Summary
  9. Registers Removed During Synthesis
 10. Removed Registers Triggering Further Register Optimizations
 11. General Register Statistics
 12. Source assignments for ROM:inst40|altsyncram:altsyncram_component|altsyncram_gm91:auto_generated
 13. Source assignments for RAM:inst39|altsyncram:altsyncram_component|altsyncram_5th1:auto_generated
 14. Parameter Settings for User Entity Instance: ROM:inst40|altsyncram:altsyncram_component
 15. Parameter Settings for User Entity Instance: uPC:inst13|74161:inst
 16. Parameter Settings for User Entity Instance: uPC:inst13|74161:inst1
 17. Parameter Settings for User Entity Instance: ALU:inst27|mul:inst3|74283:inst10
 18. Parameter Settings for User Entity Instance: ALU:inst27|mul:inst3|74283:inst283
 19. Parameter Settings for User Entity Instance: ALU:inst27|divv:inst29|div:inst|lpm_divide:LPM_DIVIDE_component
 20. Parameter Settings for User Entity Instance: RAM:inst39|altsyncram:altsyncram_component
 21. altsyncram Parameter Settings by Entity Instance
 22. Elapsed Time Per Partition
 23. Analysis & Synthesis Messages



----------------
; Legal Notice ;
----------------
Copyright (C) 1991-2013 Altera Corporation
Your use of Altera Corporation's design tools, logic functions 
and other software and tools, and its AMPP partner logic 
functions, and any output files from any of the foregoing 
(including device programming or simulation files), and any 
associated documentation or information are expressly subject 
to the terms and conditions of the Altera Program License 
Subscription Agreement, Altera MegaCore Function License 
Agreement, or other applicable license agreement, including, 
without limitation, that your use is for the sole purpose of 
programming logic devices manufactured by Altera and sold by 
Altera or its authorized distributors.  Please refer to the 
applicable agreement for further details.



+----------------------------------------------------------------------------------+
; Analysis & Synthesis Summary                                                     ;
+------------------------------------+---------------------------------------------+
; Analysis & Synthesis Status        ; Successful - Mon Nov 11 20:14:19 2024       ;
; Quartus II 64-Bit Version          ; 13.0.0 Build 156 04/24/2013 SJ Full Version ;
; Revision Name                      ; ex3                                         ;
; Top-level Entity Name              ; ex3                                         ;
; Family                             ; Cyclone IV E                                ;
; Total logic elements               ; 0                                           ;
;     Total combinational functions  ; 0                                           ;
;     Dedicated logic registers      ; 0                                           ;
; Total registers                    ; 0                                           ;
; Total pins                         ; 4                                           ;
; Total virtual pins                 ; 0                                           ;
; Total memory bits                  ; 0                                           ;
; Embedded Multiplier 9-bit elements ; 0                                           ;
; Total PLLs                         ; 0                                           ;
+------------------------------------+---------------------------------------------+


+----------------------------------------------------------------------------------------------------------------------+
; Analysis & Synthesis Settings                                                                                        ;
+----------------------------------------------------------------------------+--------------------+--------------------+
; Option                                                                     ; Setting            ; Default Value      ;
+----------------------------------------------------------------------------+--------------------+--------------------+
; Device                                                                     ; EP4CE6E22C8        ;                    ;
; Top-level entity name                                                      ; ex3                ; ex3                ;
; Family name                                                                ; Cyclone IV E       ; Cyclone IV GX      ;
; Use smart compilation                                                      ; Off                ; Off                ;
; Enable parallel Assembler and TimeQuest Timing Analyzer during compilation ; On                 ; On                 ;
; Enable compact report table                                                ; Off                ; Off                ;
; Restructure Multiplexers                                                   ; Auto               ; Auto               ;
; Create Debugging Nodes for IP Cores                                        ; Off                ; Off                ;
; Preserve fewer node names                                                  ; On                 ; On                 ;
; Disable OpenCore Plus hardware evaluation                                  ; Off                ; Off                ;
; Verilog Version                                                            ; Verilog_2001       ; Verilog_2001       ;
; VHDL Version                                                               ; VHDL_1993          ; VHDL_1993          ;
; State Machine Processing                                                   ; Auto               ; Auto               ;
; Safe State Machine                                                         ; Off                ; Off                ;
; Extract Verilog State Machines                                             ; On                 ; On                 ;
; Extract VHDL State Machines                                                ; On                 ; On                 ;
; Ignore Verilog initial constructs                                          ; Off                ; Off                ;
; Iteration limit for constant Verilog loops                                 ; 5000               ; 5000               ;
; Iteration limit for non-constant Verilog loops                             ; 250                ; 250                ;
; Add Pass-Through Logic to Inferred RAMs                                    ; On                 ; On                 ;
; Infer RAMs from Raw Logic                                                  ; On                 ; On                 ;
; Parallel Synthesis                                                         ; On                 ; On                 ;
; DSP Block Balancing                                                        ; Auto               ; Auto               ;
; NOT Gate Push-Back                                                         ; On                 ; On                 ;
; Power-Up Don't Care                                                        ; On                 ; On                 ;
; Remove Redundant Logic Cells                                               ; Off                ; Off                ;
; Remove Duplicate Registers                                                 ; On                 ; On                 ;
; Ignore CARRY Buffers                                                       ; Off                ; Off                ;
; Ignore CASCADE Buffers                                                     ; Off                ; Off                ;
; Ignore GLOBAL Buffers                                                      ; Off                ; Off                ;
; Ignore ROW GLOBAL Buffers                                                  ; Off                ; Off                ;
; Ignore LCELL Buffers                                                       ; Off                ; Off                ;
; Ignore SOFT Buffers                                                        ; On                 ; On                 ;
; Limit AHDL Integers to 32 Bits                                             ; Off                ; Off                ;
; Optimization Technique                                                     ; Balanced           ; Balanced           ;
; Carry Chain Length                                                         ; 70                 ; 70                 ;
; Auto Carry Chains                                                          ; On                 ; On                 ;
; Auto Open-Drain Pins                                                       ; On                 ; On                 ;
; Perform WYSIWYG Primitive Resynthesis                                      ; Off                ; Off                ;
; Auto ROM Replacement                                                       ; On                 ; On                 ;
; Auto RAM Replacement                                                       ; On                 ; On                 ;
; Auto DSP Block Replacement                                                 ; On                 ; On                 ;
; Auto Shift Register Replacement                                            ; Auto               ; Auto               ;
; Allow Shift Register Merging across Hierarchies                            ; Auto               ; Auto               ;
; Auto Clock Enable Replacement                                              ; On                 ; On                 ;
; Strict RAM Replacement                                                     ; Off                ; Off                ;
; Allow Synchronous Control Signals                                          ; On                 ; On                 ;
; Force Use of Synchronous Clear Signals                                     ; Off                ; Off                ;
; Auto RAM Block Balancing                                                   ; On                 ; On                 ;
; Auto RAM to Logic Cell Conversion                                          ; Off                ; Off                ;
; Auto Resource Sharing                                                      ; Off                ; Off                ;
; Allow Any RAM Size For Recognition                                         ; Off                ; Off                ;
; Allow Any ROM Size For Recognition                                         ; Off                ; Off                ;
; Allow Any Shift Register Size For Recognition                              ; Off                ; Off                ;
; Use LogicLock Constraints during Resource Balancing                        ; On                 ; On                 ;
; Ignore translate_off and synthesis_off directives                          ; Off                ; Off                ;
; Timing-Driven Synthesis                                                    ; On                 ; On                 ;
; Report Parameter Settings                                                  ; On                 ; On                 ;
; Report Source Assignments                                                  ; On                 ; On                 ;
; Report Connectivity Checks                                                 ; On                 ; On                 ;
; Ignore Maximum Fan-Out Assignments                                         ; Off                ; Off                ;
; Synchronization Register Chain Length                                      ; 2                  ; 2                  ;
; PowerPlay Power Optimization                                               ; Normal compilation ; Normal compilation ;
; HDL message level                                                          ; Level2             ; Level2             ;
; Suppress Register Optimization Related Messages                            ; Off                ; Off                ;
; Number of Removed Registers Reported in Synthesis Report                   ; 5000               ; 5000               ;
; Number of Swept Nodes Reported in Synthesis Report                         ; 5000               ; 5000               ;
; Number of Inverted Registers Reported in Synthesis Report                  ; 100                ; 100                ;
; Clock MUX Protection                                                       ; On                 ; On                 ;
; Auto Gated Clock Conversion                                                ; Off                ; Off                ;
; Block Design Naming                                                        ; Auto               ; Auto               ;
; SDC constraint protection                                                  ; Off                ; Off                ;
; Synthesis Effort                                                           ; Auto               ; Auto               ;
; Shift Register Replacement - Allow Asynchronous Clear Signal               ; On                 ; On                 ;
; Pre-Mapping Resynthesis Optimization                                       ; Off                ; Off                ;
; Analysis & Synthesis Message Level                                         ; Medium             ; Medium             ;
; Disable Register Merging Across Hierarchies                                ; Auto               ; Auto               ;
; Resource Aware Inference For Block RAM                                     ; On                 ; On                 ;
; Synthesis Seed                                                             ; 1                  ; 1                  ;
+----------------------------------------------------------------------------+--------------------+--------------------+


+------------------------------------------+
; Parallel Compilation                     ;
+----------------------------+-------------+
; Processors                 ; Number      ;
+----------------------------+-------------+
; Number detected on machine ; 16          ;
; Maximum allowed            ; 12          ;
;                            ;             ;
; Average used               ; 1.00        ;
; Maximum used               ; 1           ;
;                            ;             ;
; Usage by Processor         ; % Time Used ;
;     Processor 1            ; 100.0%      ;
;     Processors 2-16        ;   0.0%      ;
+----------------------------+-------------+


+-----------------------------------------------------------------------------------------------------------------------------------------------------------------------------------------+
; Analysis & Synthesis Source Files Read                                                                                                                                                  ;
+----------------------------------+-----------------+------------------------------------------+-------------------------------------------------------------------------------+---------+
; File Name with User-Entered Path ; Used in Netlist ; File Type                                ; File Name with Absolute Path                                                  ; Library ;
+----------------------------------+-----------------+------------------------------------------+-------------------------------------------------------------------------------+---------+
; ROM.vhd                          ; yes             ; User Wizard-Generated File               ; C:/Users/wyc/Desktop/Computer Design/keshe-ex3/ex3/ROM.vhd                    ;         ;
; ex3.bdf                          ; yes             ; User Block Diagram/Schematic File        ; C:/Users/wyc/Desktop/Computer Design/keshe-ex3/ex3/ex3.bdf                    ;         ;
; RAM.vhd                          ; yes             ; User Wizard-Generated File               ; C:/Users/wyc/Desktop/Computer Design/keshe-ex3/ex3/RAM.vhd                    ;         ;
; rhythm.bdf                       ; yes             ; Auto-Found Block Diagram/Schematic File  ; C:/Users/wyc/Desktop/Computer Design/keshe-ex3/ex3/rhythm.bdf                 ;         ;
; begin_stop.bdf                   ; yes             ; Auto-Found Block Diagram/Schematic File  ; C:/Users/wyc/Desktop/Computer Design/keshe-ex3/ex3/begin_stop.bdf             ;         ;
; altsyncram.tdf                   ; yes             ; Megafunction                             ; c:/altera/13.0/quartus/libraries/megafunctions/altsyncram.tdf                 ;         ;
; stratix_ram_block.inc            ; yes             ; Megafunction                             ; c:/altera/13.0/quartus/libraries/megafunctions/stratix_ram_block.inc          ;         ;
; lpm_mux.inc                      ; yes             ; Megafunction                             ; c:/altera/13.0/quartus/libraries/megafunctions/lpm_mux.inc                    ;         ;
; lpm_decode.inc                   ; yes             ; Megafunction                             ; c:/altera/13.0/quartus/libraries/megafunctions/lpm_decode.inc                 ;         ;
; aglobal130.inc                   ; yes             ; Megafunction                             ; c:/altera/13.0/quartus/libraries/megafunctions/aglobal130.inc                 ;         ;
; a_rdenreg.inc                    ; yes             ; Megafunction                             ; c:/altera/13.0/quartus/libraries/megafunctions/a_rdenreg.inc                  ;         ;
; altrom.inc                       ; yes             ; Megafunction                             ; c:/altera/13.0/quartus/libraries/megafunctions/altrom.inc                     ;         ;
; altram.inc                       ; yes             ; Megafunction                             ; c:/altera/13.0/quartus/libraries/megafunctions/altram.inc                     ;         ;
; altdpram.inc                     ; yes             ; Megafunction                             ; c:/altera/13.0/quartus/libraries/megafunctions/altdpram.inc                   ;         ;
; db/altsyncram_gm91.tdf           ; yes             ; Auto-Generated Megafunction              ; C:/Users/wyc/Desktop/Computer Design/keshe-ex3/ex3/db/altsyncram_gm91.tdf     ;         ;
; rom.mif                          ; yes             ; Auto-Found Memory Initialization File    ; C:/Users/wyc/Desktop/Computer Design/keshe-ex3/ex3/rom.mif                    ;         ;
; upc.bdf                          ; yes             ; Auto-Found Block Diagram/Schematic File  ; C:/Users/wyc/Desktop/Computer Design/keshe-ex3/ex3/upc.bdf                    ;         ;
; 74161.tdf                        ; yes             ; Megafunction                             ; c:/altera/13.0/quartus/libraries/others/maxplus2/74161.tdf                    ;         ;
; aglobal.inc                      ; yes             ; Megafunction                             ; c:/altera/13.0/quartus/libraries/megafunctions/aglobal.inc                    ;         ;
; f74161.bdf                       ; yes             ; Megafunction                             ; c:/altera/13.0/quartus/libraries/others/maxplus2/f74161.bdf                   ;         ;
; choose_2.bdf                     ; yes             ; Auto-Found Block Diagram/Schematic File  ; C:/Users/wyc/Desktop/Computer Design/keshe-ex3/ex3/choose_2.bdf               ;         ;
; 3_8decoder.bdf                   ; yes             ; Auto-Found Block Diagram/Schematic File  ; C:/Users/wyc/Desktop/Computer Design/keshe-ex3/ex3/3_8decoder.bdf             ;         ;
; alu.bdf                          ; yes             ; Auto-Found Block Diagram/Schematic File  ; C:/Users/wyc/Desktop/Computer Design/keshe-ex3/ex3/alu.bdf                    ;         ;
; 74181.bdf                        ; yes             ; Megafunction                             ; c:/altera/13.0/quartus/libraries/others/maxplus2/74181.bdf                    ;         ;
; 74182.bdf                        ; yes             ; Megafunction                             ; c:/altera/13.0/quartus/libraries/others/maxplus2/74182.bdf                    ;         ;
; mul.bdf                          ; yes             ; Auto-Found Block Diagram/Schematic File  ; C:/Users/wyc/Desktop/Computer Design/keshe-ex3/ex3/mul.bdf                    ;         ;
; 74285.bdf                        ; yes             ; Megafunction                             ; c:/altera/13.0/quartus/libraries/others/maxplus2/74285.bdf                    ;         ;
; 74283.tdf                        ; yes             ; Megafunction                             ; c:/altera/13.0/quartus/libraries/others/maxplus2/74283.tdf                    ;         ;
; f74283.bdf                       ; yes             ; Megafunction                             ; c:/altera/13.0/quartus/libraries/others/maxplus2/f74283.bdf                   ;         ;
; 74284.bdf                        ; yes             ; Megafunction                             ; c:/altera/13.0/quartus/libraries/others/maxplus2/74284.bdf                    ;         ;
; shifter.bdf                      ; yes             ; Auto-Found Block Diagram/Schematic File  ; C:/Users/wyc/Desktop/Computer Design/keshe-ex3/ex3/shifter.bdf                ;         ;
; divv.bdf                         ; yes             ; Auto-Found Block Diagram/Schematic File  ; C:/Users/wyc/Desktop/Computer Design/keshe-ex3/ex3/divv.bdf                   ;         ;
; div.vhd                          ; yes             ; Auto-Found Wizard-Generated File         ; C:/Users/wyc/Desktop/Computer Design/keshe-ex3/ex3/div.vhd                    ;         ;
; lpm_divide.tdf                   ; yes             ; Megafunction                             ; c:/altera/13.0/quartus/libraries/megafunctions/lpm_divide.tdf                 ;         ;
; abs_divider.inc                  ; yes             ; Megafunction                             ; c:/altera/13.0/quartus/libraries/megafunctions/abs_divider.inc                ;         ;
; sign_div_unsign.inc              ; yes             ; Megafunction                             ; c:/altera/13.0/quartus/libraries/megafunctions/sign_div_unsign.inc            ;         ;
; db/lpm_divide_60q.tdf            ; yes             ; Auto-Generated Megafunction              ; C:/Users/wyc/Desktop/Computer Design/keshe-ex3/ex3/db/lpm_divide_60q.tdf      ;         ;
; db/sign_div_unsign_fkh.tdf       ; yes             ; Auto-Generated Megafunction              ; C:/Users/wyc/Desktop/Computer Design/keshe-ex3/ex3/db/sign_div_unsign_fkh.tdf ;         ;
; db/alt_u_div_i4f.tdf             ; yes             ; Auto-Generated Megafunction              ; C:/Users/wyc/Desktop/Computer Design/keshe-ex3/ex3/db/alt_u_div_i4f.tdf       ;         ;
; db/add_sub_7pc.tdf               ; yes             ; Auto-Generated Megafunction              ; C:/Users/wyc/Desktop/Computer Design/keshe-ex3/ex3/db/add_sub_7pc.tdf         ;         ;
; db/add_sub_8pc.tdf               ; yes             ; Auto-Generated Megafunction              ; C:/Users/wyc/Desktop/Computer Design/keshe-ex3/ex3/db/add_sub_8pc.tdf         ;         ;
; choose_3.bdf                     ; yes             ; Auto-Found Block Diagram/Schematic File  ; C:/Users/wyc/Desktop/Computer Design/keshe-ex3/ex3/choose_3.bdf               ;         ;
; 2_4decoder.bdf                   ; yes             ; Auto-Found Block Diagram/Schematic File  ; C:/Users/wyc/Desktop/Computer Design/keshe-ex3/ex3/2_4decoder.bdf             ;         ;
; db/altsyncram_5th1.tdf           ; yes             ; Auto-Generated Megafunction              ; C:/Users/wyc/Desktop/Computer Design/keshe-ex3/ex3/db/altsyncram_5th1.tdf     ;         ;
; ram.mif                          ; yes             ; Auto-Found Memory Initialization File    ; C:/Users/wyc/Desktop/Computer Design/keshe-ex3/ex3/ram.mif                    ;         ;
; 74273.bdf                        ; yes             ; Megafunction                             ; c:/altera/13.0/quartus/libraries/others/maxplus2/74273.bdf                    ;         ;
; 74374.bdf                        ; yes             ; Megafunction                             ; c:/altera/13.0/quartus/libraries/others/maxplus2/74374.bdf                    ;         ;
; pc.bdf                           ; yes             ; Auto-Found Block Diagram/Schematic File  ; C:/Users/wyc/Desktop/Computer Design/keshe-ex3/ex3/pc.bdf                     ;         ;
+----------------------------------+-----------------+------------------------------------------+-------------------------------------------------------------------------------+---------+


+-----------------------------------------------------+
; Analysis & Synthesis Resource Usage Summary         ;
+---------------------------------------------+-------+
; Resource                                    ; Usage ;
+---------------------------------------------+-------+
;                                             ;       ;
; Total combinational functions               ; 0     ;
; Logic element usage by number of LUT inputs ;       ;
;     -- 4 input functions                    ; 0     ;
;     -- 3 input functions                    ; 0     ;
;     -- <=2 input functions                  ; 0     ;
;                                             ;       ;
; Logic elements by mode                      ;       ;
;     -- normal mode                          ; 0     ;
;     -- arithmetic mode                      ; 0     ;
;                                             ;       ;
; Total registers                             ; 0     ;
;     -- Dedicated logic registers            ; 0     ;
;     -- I/O registers                        ; 0     ;
;                                             ;       ;
; I/O pins                                    ; 4     ;
; Embedded Multiplier 9-bit elements          ; 0     ;
; Maximum fan-out node                        ; C_clk ;
; Maximum fan-out                             ; 1     ;
; Total fan-out                               ; 4     ;
; Average fan-out                             ; 0.50  ;
+---------------------------------------------+-------+


+-----------------------------------------------------------------------------------------------------------------------------------------------------------------------------+
; Analysis & Synthesis Resource Utilization by Entity                                                                                                                         ;
+----------------------------+-------------------+--------------+-------------+--------------+---------+-----------+------+--------------+---------------------+--------------+
; Compilation Hierarchy Node ; LC Combinationals ; LC Registers ; Memory Bits ; DSP Elements ; DSP 9x9 ; DSP 18x18 ; Pins ; Virtual Pins ; Full Hierarchy Name ; Library Name ;
+----------------------------+-------------------+--------------+-------------+--------------+---------+-----------+------+--------------+---------------------+--------------+
; |ex3                       ; 0 (0)             ; 0 (0)        ; 0           ; 0            ; 0       ; 0         ; 4    ; 0            ; |ex3                ;              ;
+----------------------------+-------------------+--------------+-------------+--------------+---------+-----------+------+--------------+---------------------+--------------+
Note: For table entries with two numbers listed, the numbers in parentheses indicate the number of resources of the given type used by the specific entity alone. The numbers listed outside of parentheses indicate the total resources of the given type used by the specific entity and all of its sub-entities in the hierarchy.


+-------------------------------------------------------------------------------------------------------------------------------------------------------------------+
; Analysis & Synthesis IP Cores Summary                                                                                                                             ;
+--------+--------------+---------+--------------+--------------+--------------------------------------+------------------------------------------------------------+
; Vendor ; IP Core Name ; Version ; Release Date ; License Type ; Entity Instance                      ; IP Include File                                            ;
+--------+--------------+---------+--------------+--------------+--------------------------------------+------------------------------------------------------------+
; Altera ; LPM_DIVIDE   ; N/A     ; N/A          ; N/A          ; |ex3|ALU:inst27|divv:inst29|div:inst ; C:/Users/wyc/Desktop/Computer Design/keshe-ex3/ex3/div.vhd ;
; Altera ; RAM: 1-PORT  ; 13.0    ; N/A          ; N/A          ; |ex3|RAM:inst39                      ; C:/Users/wyc/Desktop/Computer Design/keshe-ex3/ex3/RAM.vhd ;
; Altera ; ROM: 1-PORT  ; 13.0    ; N/A          ; N/A          ; |ex3|ROM:inst40                      ; C:/Users/wyc/Desktop/Computer Design/keshe-ex3/ex3/ROM.vhd ;
+--------+--------------+---------+--------------+--------------+--------------------------------------+------------------------------------------------------------+


+-------------------------------------------------------------+
; Registers Removed During Synthesis                          ;
+----------------------------------------+--------------------+
; Register name                          ; Reason for Removal ;
+----------------------------------------+--------------------+
; 74374:IR|20                            ; Lost fanout        ;
; 74374:IR|19                            ; Lost fanout        ;
; 74374:IR|18                            ; Lost fanout        ;
; 74374:IR|17                            ; Lost fanout        ;
; 74374:IR|16                            ; Lost fanout        ;
; 74374:X|20                             ; Lost fanout        ;
; 74374:X|19                             ; Lost fanout        ;
; 74374:X|18                             ; Lost fanout        ;
; 74374:X|17                             ; Lost fanout        ;
; 74374:X|16                             ; Lost fanout        ;
; 74374:X|15                             ; Lost fanout        ;
; 74374:X|14                             ; Lost fanout        ;
; 74374:X|13                             ; Lost fanout        ;
; 74374:R1|20                            ; Lost fanout        ;
; 74374:R1|19                            ; Lost fanout        ;
; 74374:R1|18                            ; Lost fanout        ;
; 74374:R1|17                            ; Lost fanout        ;
; 74374:R1|16                            ; Lost fanout        ;
; 74374:R1|15                            ; Lost fanout        ;
; 74374:R1|14                            ; Lost fanout        ;
; 74374:R1|13                            ; Lost fanout        ;
; PC:inst35|inst7                        ; Lost fanout        ;
; PC:inst35|inst6                        ; Lost fanout        ;
; PC:inst35|inst5                        ; Lost fanout        ;
; PC:inst35|inst4                        ; Lost fanout        ;
; PC:inst35|inst3                        ; Lost fanout        ;
; PC:inst35|inst2                        ; Lost fanout        ;
; PC:inst35|inst1                        ; Lost fanout        ;
; PC:inst35|inst                         ; Lost fanout        ;
; 74374:R2|20                            ; Lost fanout        ;
; 74374:R2|19                            ; Lost fanout        ;
; 74374:R2|18                            ; Lost fanout        ;
; 74374:R2|17                            ; Lost fanout        ;
; 74374:R2|16                            ; Lost fanout        ;
; 74374:R2|15                            ; Lost fanout        ;
; 74374:R2|14                            ; Lost fanout        ;
; 74374:R2|13                            ; Lost fanout        ;
; 74374:R0|20                            ; Lost fanout        ;
; 74374:R0|19                            ; Lost fanout        ;
; 74374:R0|18                            ; Lost fanout        ;
; 74374:R0|17                            ; Lost fanout        ;
; 74374:R0|16                            ; Lost fanout        ;
; 74374:R0|15                            ; Lost fanout        ;
; 74374:R0|14                            ; Lost fanout        ;
; 74374:R0|13                            ; Lost fanout        ;
; 74273:MAR|19                           ; Lost fanout        ;
; 74273:MAR|18                           ; Lost fanout        ;
; 74273:MAR|17                           ; Lost fanout        ;
; 74273:MAR|16                           ; Lost fanout        ;
; 74273:MAR|15                           ; Lost fanout        ;
; 74273:MAR|14                           ; Lost fanout        ;
; 74273:MAR|13                           ; Lost fanout        ;
; 74273:MAR|12                           ; Lost fanout        ;
; uPC:inst13|74161:inst1|f74161:sub|110  ; Lost fanout        ;
; uPC:inst13|74161:inst1|f74161:sub|99   ; Lost fanout        ;
; uPC:inst13|74161:inst1|f74161:sub|87   ; Lost fanout        ;
; uPC:inst13|74161:inst1|f74161:sub|9    ; Lost fanout        ;
; uPC:inst13|74161:inst|f74161:sub|110   ; Lost fanout        ;
; uPC:inst13|74161:inst|f74161:sub|99    ; Lost fanout        ;
; uPC:inst13|74161:inst|f74161:sub|87    ; Lost fanout        ;
; uPC:inst13|74161:inst|f74161:sub|9     ; Lost fanout        ;
; begin_stop:inst36|inst4                ; Lost fanout        ;
; rhythm:inst11|inst                     ; Lost fanout        ;
; rhythm:inst11|inst3                    ; Lost fanout        ;
; rhythm:inst11|inst2                    ; Lost fanout        ;
; rhythm:inst11|inst1                    ; Lost fanout        ;
; Total Number of Removed Registers = 66 ;                    ;
+----------------------------------------+--------------------+


+------------------------------------------------------------------------------------------------------------------------------------------+
; Removed Registers Triggering Further Register Optimizations                                                                              ;
+---------------------------------------+--------------------+-----------------------------------------------------------------------------+
; Register name                         ; Reason for Removal ; Registers Removed due to This Register                                      ;
+---------------------------------------+--------------------+-----------------------------------------------------------------------------+
; 74374:IR|20                           ; Lost Fanouts       ; uPC:inst13|74161:inst1|f74161:sub|9, uPC:inst13|74161:inst|f74161:sub|110,  ;
;                                       ;                    ; uPC:inst13|74161:inst|f74161:sub|99, uPC:inst13|74161:inst|f74161:sub|87,   ;
;                                       ;                    ; uPC:inst13|74161:inst|f74161:sub|9, rhythm:inst11|inst2                     ;
; uPC:inst13|74161:inst1|f74161:sub|110 ; Lost Fanouts       ; uPC:inst13|74161:inst1|f74161:sub|99, uPC:inst13|74161:inst1|f74161:sub|87, ;
;                                       ;                    ; rhythm:inst11|inst1                                                         ;
; rhythm:inst11|inst                    ; Lost Fanouts       ; rhythm:inst11|inst3                                                         ;
+---------------------------------------+--------------------+-----------------------------------------------------------------------------+


+------------------------------------------------------+
; General Register Statistics                          ;
+----------------------------------------------+-------+
; Statistic                                    ; Value ;
+----------------------------------------------+-------+
; Total registers                              ; 0     ;
; Number of registers using Synchronous Clear  ; 0     ;
; Number of registers using Synchronous Load   ; 0     ;
; Number of registers using Asynchronous Clear ; 0     ;
; Number of registers using Asynchronous Load  ; 0     ;
; Number of registers using Clock Enable       ; 0     ;
; Number of registers using Preset             ; 0     ;
+----------------------------------------------+-------+


+--------------------------------------------------------------------------------------------------+
; Source assignments for ROM:inst40|altsyncram:altsyncram_component|altsyncram_gm91:auto_generated ;
+---------------------------------+--------------------+------+------------------------------------+
; Assignment                      ; Value              ; From ; To                                 ;
+---------------------------------+--------------------+------+------------------------------------+
; OPTIMIZE_POWER_DURING_SYNTHESIS ; NORMAL_COMPILATION ; -    ; -                                  ;
+---------------------------------+--------------------+------+------------------------------------+


+--------------------------------------------------------------------------------------------------+
; Source assignments for RAM:inst39|altsyncram:altsyncram_component|altsyncram_5th1:auto_generated ;
+---------------------------------+--------------------+------+------------------------------------+
; Assignment                      ; Value              ; From ; To                                 ;
+---------------------------------+--------------------+------+------------------------------------+
; OPTIMIZE_POWER_DURING_SYNTHESIS ; NORMAL_COMPILATION ; -    ; -                                  ;
+---------------------------------+--------------------+------+------------------------------------+


+-----------------------------------------------------------------------------------------+
; Parameter Settings for User Entity Instance: ROM:inst40|altsyncram:altsyncram_component ;
+------------------------------------+----------------------+-----------------------------+
; Parameter Name                     ; Value                ; Type                        ;
+------------------------------------+----------------------+-----------------------------+
; BYTE_SIZE_BLOCK                    ; 8                    ; Untyped                     ;
; AUTO_CARRY_CHAINS                  ; ON                   ; AUTO_CARRY                  ;
; IGNORE_CARRY_BUFFERS               ; OFF                  ; IGNORE_CARRY                ;
; AUTO_CASCADE_CHAINS                ; ON                   ; AUTO_CASCADE                ;
; IGNORE_CASCADE_BUFFERS             ; OFF                  ; IGNORE_CASCADE              ;
; WIDTH_BYTEENA                      ; 1                    ; Untyped                     ;
; OPERATION_MODE                     ; ROM                  ; Untyped                     ;
; WIDTH_A                            ; 32                   ; Signed Integer              ;
; WIDTHAD_A                          ; 8                    ; Signed Integer              ;
; NUMWORDS_A                         ; 256                  ; Signed Integer              ;
; OUTDATA_REG_A                      ; UNREGISTERED         ; Untyped                     ;
; ADDRESS_ACLR_A                     ; NONE                 ; Untyped                     ;
; OUTDATA_ACLR_A                     ; NONE                 ; Untyped                     ;
; WRCONTROL_ACLR_A                   ; NONE                 ; Untyped                     ;
; INDATA_ACLR_A                      ; NONE                 ; Untyped                     ;
; BYTEENA_ACLR_A                     ; NONE                 ; Untyped                     ;
; WIDTH_B                            ; 1                    ; Untyped                     ;
; WIDTHAD_B                          ; 1                    ; Untyped                     ;
; NUMWORDS_B                         ; 1                    ; Untyped                     ;
; INDATA_REG_B                       ; CLOCK1               ; Untyped                     ;
; WRCONTROL_WRADDRESS_REG_B          ; CLOCK1               ; Untyped                     ;
; RDCONTROL_REG_B                    ; CLOCK1               ; Untyped                     ;
; ADDRESS_REG_B                      ; CLOCK1               ; Untyped                     ;
; OUTDATA_REG_B                      ; UNREGISTERED         ; Untyped                     ;
; BYTEENA_REG_B                      ; CLOCK1               ; Untyped                     ;
; INDATA_ACLR_B                      ; NONE                 ; Untyped                     ;
; WRCONTROL_ACLR_B                   ; NONE                 ; Untyped                     ;
; ADDRESS_ACLR_B                     ; NONE                 ; Untyped                     ;
; OUTDATA_ACLR_B                     ; NONE                 ; Untyped                     ;
; RDCONTROL_ACLR_B                   ; NONE                 ; Untyped                     ;
; BYTEENA_ACLR_B                     ; NONE                 ; Untyped                     ;
; WIDTH_BYTEENA_A                    ; 1                    ; Signed Integer              ;
; WIDTH_BYTEENA_B                    ; 1                    ; Untyped                     ;
; RAM_BLOCK_TYPE                     ; AUTO                 ; Untyped                     ;
; BYTE_SIZE                          ; 8                    ; Untyped                     ;
; READ_DURING_WRITE_MODE_MIXED_PORTS ; DONT_CARE            ; Untyped                     ;
; READ_DURING_WRITE_MODE_PORT_A      ; NEW_DATA_NO_NBE_READ ; Untyped                     ;
; READ_DURING_WRITE_MODE_PORT_B      ; NEW_DATA_NO_NBE_READ ; Untyped                     ;
; INIT_FILE                          ; ROM.mif              ; Untyped                     ;
; INIT_FILE_LAYOUT                   ; PORT_A               ; Untyped                     ;
; MAXIMUM_DEPTH                      ; 0                    ; Untyped                     ;
; CLOCK_ENABLE_INPUT_A               ; BYPASS               ; Untyped                     ;
; CLOCK_ENABLE_INPUT_B               ; NORMAL               ; Untyped                     ;
; CLOCK_ENABLE_OUTPUT_A              ; BYPASS               ; Untyped                     ;
; CLOCK_ENABLE_OUTPUT_B              ; NORMAL               ; Untyped                     ;
; CLOCK_ENABLE_CORE_A                ; USE_INPUT_CLKEN      ; Untyped                     ;
; CLOCK_ENABLE_CORE_B                ; USE_INPUT_CLKEN      ; Untyped                     ;
; ENABLE_ECC                         ; FALSE                ; Untyped                     ;
; ECC_PIPELINE_STAGE_ENABLED         ; FALSE                ; Untyped                     ;
; WIDTH_ECCSTATUS                    ; 3                    ; Untyped                     ;
; DEVICE_FAMILY                      ; Cyclone IV E         ; Untyped                     ;
; CBXI_PARAMETER                     ; altsyncram_gm91      ; Untyped                     ;
+------------------------------------+----------------------+-----------------------------+
Note: In order to hide this table in the UI and the text report file, please set the "Show Parameter Settings in Synthesis Report" option in "Analysis and Synthesis Settings -> More Settings" to "Off".


+--------------------------------------------------------------------+
; Parameter Settings for User Entity Instance: uPC:inst13|74161:inst ;
+------------------------+--------------+----------------------------+
; Parameter Name         ; Value        ; Type                       ;
+------------------------+--------------+----------------------------+
; DEVICE_FAMILY          ; Cyclone IV E ; Untyped                    ;
; AUTO_CARRY_CHAINS      ; ON           ; AUTO_CARRY                 ;
; IGNORE_CARRY_BUFFERS   ; OFF          ; IGNORE_CARRY               ;
; AUTO_CASCADE_CHAINS    ; ON           ; AUTO_CASCADE               ;
; IGNORE_CASCADE_BUFFERS ; OFF          ; IGNORE_CASCADE             ;
+------------------------+--------------+----------------------------+
Note: In order to hide this table in the UI and the text report file, please set the "Show Parameter Settings in Synthesis Report" option in "Analysis and Synthesis Settings -> More Settings" to "Off".


+---------------------------------------------------------------------+
; Parameter Settings for User Entity Instance: uPC:inst13|74161:inst1 ;
+------------------------+--------------+-----------------------------+
; Parameter Name         ; Value        ; Type                        ;
+------------------------+--------------+-----------------------------+
; DEVICE_FAMILY          ; Cyclone IV E ; Untyped                     ;
; AUTO_CARRY_CHAINS      ; ON           ; AUTO_CARRY                  ;
; IGNORE_CARRY_BUFFERS   ; OFF          ; IGNORE_CARRY                ;
; AUTO_CASCADE_CHAINS    ; ON           ; AUTO_CASCADE                ;
; IGNORE_CASCADE_BUFFERS ; OFF          ; IGNORE_CASCADE              ;
+------------------------+--------------+-----------------------------+
Note: In order to hide this table in the UI and the text report file, please set the "Show Parameter Settings in Synthesis Report" option in "Analysis and Synthesis Settings -> More Settings" to "Off".


+--------------------------------------------------------------------------------+
; Parameter Settings for User Entity Instance: ALU:inst27|mul:inst3|74283:inst10 ;
+------------------------+--------------+----------------------------------------+
; Parameter Name         ; Value        ; Type                                   ;
+------------------------+--------------+----------------------------------------+
; DEVICE_FAMILY          ; Cyclone IV E ; Untyped                                ;
; AUTO_CARRY_CHAINS      ; ON           ; AUTO_CARRY                             ;
; IGNORE_CARRY_BUFFERS   ; OFF          ; IGNORE_CARRY                           ;
; AUTO_CASCADE_CHAINS    ; ON           ; AUTO_CASCADE                           ;
; IGNORE_CASCADE_BUFFERS ; OFF          ; IGNORE_CASCADE                         ;
+------------------------+--------------+----------------------------------------+
Note: In order to hide this table in the UI and the text report file, please set the "Show Parameter Settings in Synthesis Report" option in "Analysis and Synthesis Settings -> More Settings" to "Off".


+---------------------------------------------------------------------------------+
; Parameter Settings for User Entity Instance: ALU:inst27|mul:inst3|74283:inst283 ;
+------------------------+--------------+-----------------------------------------+
; Parameter Name         ; Value        ; Type                                    ;
+------------------------+--------------+-----------------------------------------+
; DEVICE_FAMILY          ; Cyclone IV E ; Untyped                                 ;
; AUTO_CARRY_CHAINS      ; ON           ; AUTO_CARRY                              ;
; IGNORE_CARRY_BUFFERS   ; OFF          ; IGNORE_CARRY                            ;
; AUTO_CASCADE_CHAINS    ; ON           ; AUTO_CASCADE                            ;
; IGNORE_CASCADE_BUFFERS ; OFF          ; IGNORE_CASCADE                          ;
+------------------------+--------------+-----------------------------------------+
Note: In order to hide this table in the UI and the text report file, please set the "Show Parameter Settings in Synthesis Report" option in "Analysis and Synthesis Settings -> More Settings" to "Off".


+--------------------------------------------------------------------------------------------------------------+
; Parameter Settings for User Entity Instance: ALU:inst27|divv:inst29|div:inst|lpm_divide:LPM_DIVIDE_component ;
+------------------------+----------------+--------------------------------------------------------------------+
; Parameter Name         ; Value          ; Type                                                               ;
+------------------------+----------------+--------------------------------------------------------------------+
; LPM_WIDTHN             ; 8              ; Signed Integer                                                     ;
; LPM_WIDTHD             ; 8              ; Signed Integer                                                     ;
; LPM_NREPRESENTATION    ; UNSIGNED       ; Untyped                                                            ;
; LPM_DREPRESENTATION    ; UNSIGNED       ; Untyped                                                            ;
; LPM_PIPELINE           ; 0              ; Untyped                                                            ;
; LPM_REMAINDERPOSITIVE  ; TRUE           ; Untyped                                                            ;
; MAXIMIZE_SPEED         ; 5              ; Untyped                                                            ;
; CBXI_PARAMETER         ; lpm_divide_60q ; Untyped                                                            ;
; CARRY_CHAIN            ; MANUAL         ; Untyped                                                            ;
; OPTIMIZE_FOR_SPEED     ; 5              ; Untyped                                                            ;
; AUTO_CARRY_CHAINS      ; ON             ; AUTO_CARRY                                                         ;
; IGNORE_CARRY_BUFFERS   ; OFF            ; IGNORE_CARRY                                                       ;
; AUTO_CASCADE_CHAINS    ; ON             ; AUTO_CASCADE                                                       ;
; IGNORE_CASCADE_BUFFERS ; OFF            ; IGNORE_CASCADE                                                     ;
+------------------------+----------------+--------------------------------------------------------------------+
Note: In order to hide this table in the UI and the text report file, please set the "Show Parameter Settings in Synthesis Report" option in "Analysis and Synthesis Settings -> More Settings" to "Off".


+-----------------------------------------------------------------------------------------+
; Parameter Settings for User Entity Instance: RAM:inst39|altsyncram:altsyncram_component ;
+------------------------------------+----------------------+-----------------------------+
; Parameter Name                     ; Value                ; Type                        ;
+------------------------------------+----------------------+-----------------------------+
; BYTE_SIZE_BLOCK                    ; 8                    ; Untyped                     ;
; AUTO_CARRY_CHAINS                  ; ON                   ; AUTO_CARRY                  ;
; IGNORE_CARRY_BUFFERS               ; OFF                  ; IGNORE_CARRY                ;
; AUTO_CASCADE_CHAINS                ; ON                   ; AUTO_CASCADE                ;
; IGNORE_CASCADE_BUFFERS             ; OFF                  ; IGNORE_CASCADE              ;
; WIDTH_BYTEENA                      ; 1                    ; Untyped                     ;
; OPERATION_MODE                     ; SINGLE_PORT          ; Untyped                     ;
; WIDTH_A                            ; 8                    ; Signed Integer              ;
; WIDTHAD_A                          ; 8                    ; Signed Integer              ;
; NUMWORDS_A                         ; 256                  ; Signed Integer              ;
; OUTDATA_REG_A                      ; UNREGISTERED         ; Untyped                     ;
; ADDRESS_ACLR_A                     ; NONE                 ; Untyped                     ;
; OUTDATA_ACLR_A                     ; NONE                 ; Untyped                     ;
; WRCONTROL_ACLR_A                   ; NONE                 ; Untyped                     ;
; INDATA_ACLR_A                      ; NONE                 ; Untyped                     ;
; BYTEENA_ACLR_A                     ; NONE                 ; Untyped                     ;
; WIDTH_B                            ; 1                    ; Untyped                     ;
; WIDTHAD_B                          ; 1                    ; Untyped                     ;
; NUMWORDS_B                         ; 1                    ; Untyped                     ;
; INDATA_REG_B                       ; CLOCK1               ; Untyped                     ;
; WRCONTROL_WRADDRESS_REG_B          ; CLOCK1               ; Untyped                     ;
; RDCONTROL_REG_B                    ; CLOCK1               ; Untyped                     ;
; ADDRESS_REG_B                      ; CLOCK1               ; Untyped                     ;
; OUTDATA_REG_B                      ; UNREGISTERED         ; Untyped                     ;
; BYTEENA_REG_B                      ; CLOCK1               ; Untyped                     ;
; INDATA_ACLR_B                      ; NONE                 ; Untyped                     ;
; WRCONTROL_ACLR_B                   ; NONE                 ; Untyped                     ;
; ADDRESS_ACLR_B                     ; NONE                 ; Untyped                     ;
; OUTDATA_ACLR_B                     ; NONE                 ; Untyped                     ;
; RDCONTROL_ACLR_B                   ; NONE                 ; Untyped                     ;
; BYTEENA_ACLR_B                     ; NONE                 ; Untyped                     ;
; WIDTH_BYTEENA_A                    ; 1                    ; Signed Integer              ;
; WIDTH_BYTEENA_B                    ; 1                    ; Untyped                     ;
; RAM_BLOCK_TYPE                     ; AUTO                 ; Untyped                     ;
; BYTE_SIZE                          ; 8                    ; Untyped                     ;
; READ_DURING_WRITE_MODE_MIXED_PORTS ; DONT_CARE            ; Untyped                     ;
; READ_DURING_WRITE_MODE_PORT_A      ; NEW_DATA_NO_NBE_READ ; Untyped                     ;
; READ_DURING_WRITE_MODE_PORT_B      ; NEW_DATA_NO_NBE_READ ; Untyped                     ;
; INIT_FILE                          ; RAM.mif              ; Untyped                     ;
; INIT_FILE_LAYOUT                   ; PORT_A               ; Untyped                     ;
; MAXIMUM_DEPTH                      ; 0                    ; Untyped                     ;
; CLOCK_ENABLE_INPUT_A               ; BYPASS               ; Untyped                     ;
; CLOCK_ENABLE_INPUT_B               ; NORMAL               ; Untyped                     ;
; CLOCK_ENABLE_OUTPUT_A              ; BYPASS               ; Untyped                     ;
; CLOCK_ENABLE_OUTPUT_B              ; NORMAL               ; Untyped                     ;
; CLOCK_ENABLE_CORE_A                ; USE_INPUT_CLKEN      ; Untyped                     ;
; CLOCK_ENABLE_CORE_B                ; USE_INPUT_CLKEN      ; Untyped                     ;
; ENABLE_ECC                         ; FALSE                ; Untyped                     ;
; ECC_PIPELINE_STAGE_ENABLED         ; FALSE                ; Untyped                     ;
; WIDTH_ECCSTATUS                    ; 3                    ; Untyped                     ;
; DEVICE_FAMILY                      ; Cyclone IV E         ; Untyped                     ;
; CBXI_PARAMETER                     ; altsyncram_5th1      ; Untyped                     ;
+------------------------------------+----------------------+-----------------------------+
Note: In order to hide this table in the UI and the text report file, please set the "Show Parameter Settings in Synthesis Report" option in "Analysis and Synthesis Settings -> More Settings" to "Off".


+----------------------------------------------------------------------------------------+
; altsyncram Parameter Settings by Entity Instance                                       ;
+-------------------------------------------+--------------------------------------------+
; Name                                      ; Value                                      ;
+-------------------------------------------+--------------------------------------------+
; Number of entity instances                ; 2                                          ;
; Entity Instance                           ; ROM:inst40|altsyncram:altsyncram_component ;
;     -- OPERATION_MODE                     ; ROM                                        ;
;     -- WIDTH_A                            ; 32                                         ;
;     -- NUMWORDS_A                         ; 256                                        ;
;     -- OUTDATA_REG_A                      ; UNREGISTERED                               ;
;     -- WIDTH_B                            ; 1                                          ;
;     -- NUMWORDS_B                         ; 1                                          ;
;     -- ADDRESS_REG_B                      ; CLOCK1                                     ;
;     -- OUTDATA_REG_B                      ; UNREGISTERED                               ;
;     -- RAM_BLOCK_TYPE                     ; AUTO                                       ;
;     -- READ_DURING_WRITE_MODE_MIXED_PORTS ; DONT_CARE                                  ;
; Entity Instance                           ; RAM:inst39|altsyncram:altsyncram_component ;
;     -- OPERATION_MODE                     ; SINGLE_PORT                                ;
;     -- WIDTH_A                            ; 8                                          ;
;     -- NUMWORDS_A                         ; 256                                        ;
;     -- OUTDATA_REG_A                      ; UNREGISTERED                               ;
;     -- WIDTH_B                            ; 1                                          ;
;     -- NUMWORDS_B                         ; 1                                          ;
;     -- ADDRESS_REG_B                      ; CLOCK1                                     ;
;     -- OUTDATA_REG_B                      ; UNREGISTERED                               ;
;     -- RAM_BLOCK_TYPE                     ; AUTO                                       ;
;     -- READ_DURING_WRITE_MODE_MIXED_PORTS ; DONT_CARE                                  ;
+-------------------------------------------+--------------------------------------------+


+-------------------------------+
; Elapsed Time Per Partition    ;
+----------------+--------------+
; Partition Name ; Elapsed Time ;
+----------------+--------------+
; Top            ; 00:00:00     ;
+----------------+--------------+


+-------------------------------+
; Analysis & Synthesis Messages ;
+-------------------------------+
Info: *******************************************************************
Info: Running Quartus II 64-Bit Analysis & Synthesis
    Info: Version 13.0.0 Build 156 04/24/2013 SJ Full Version
    Info: Processing started: Mon Nov 11 20:14:12 2024
Info: Command: quartus_map --read_settings_files=on --write_settings_files=off ex3 -c ex3
Info (11104): Parallel Compilation has detected 16 hyper-threaded processors. However, the extra hyper-threaded processors will not be used by default. Parallel Compilation will use 12 of the 12 physical processors detected instead.
Info (12021): Found 2 design units, including 1 entities, in source file rom.vhd
    Info (12022): Found design unit 1: rom-SYN
    Info (12023): Found entity 1: ROM
Info (12021): Found 1 design units, including 1 entities, in source file ex3.bdf
    Info (12023): Found entity 1: ex3
Info (12021): Found 2 design units, including 1 entities, in source file ram.vhd
    Info (12022): Found design unit 1: ram-SYN
    Info (12023): Found entity 1: RAM
Info (12021): Found 1 design units, including 1 entities, in source file ex3test.bdf
    Info (12023): Found entity 1: ex3test
Info (12127): Elaborating entity "ex3" for the top level hierarchy
Warning (12125): Using design file rhythm.bdf, which is not specified as a design file for the current project, but contains definitions for 1 design units and 1 entities in project
    Info (12023): Found entity 1: rhythm
Info (12128): Elaborating entity "rhythm" for hierarchy "rhythm:inst11"
Warning (12125): Using design file begin_stop.bdf, which is not specified as a design file for the current project, but contains definitions for 1 design units and 1 entities in project
    Info (12023): Found entity 1: begin_stop
Info (12128): Elaborating entity "begin_stop" for hierarchy "begin_stop:inst36"
Info (12128): Elaborating entity "ROM" for hierarchy "ROM:inst40"
Info (12128): Elaborating entity "altsyncram" for hierarchy "ROM:inst40|altsyncram:altsyncram_component"
Info (12130): Elaborated megafunction instantiation "ROM:inst40|altsyncram:altsyncram_component"
Info (12133): Instantiated megafunction "ROM:inst40|altsyncram:altsyncram_component" with the following parameter:
    Info (12134): Parameter "address_aclr_a" = "NONE"
    Info (12134): Parameter "clock_enable_input_a" = "BYPASS"
    Info (12134): Parameter "clock_enable_output_a" = "BYPASS"
    Info (12134): Parameter "init_file" = "ROM.mif"
    Info (12134): Parameter "intended_device_family" = "Cyclone IV E"
    Info (12134): Parameter "lpm_hint" = "ENABLE_RUNTIME_MOD=NO"
    Info (12134): Parameter "lpm_type" = "altsyncram"
    Info (12134): Parameter "numwords_a" = "256"
    Info (12134): Parameter "operation_mode" = "ROM"
    Info (12134): Parameter "outdata_aclr_a" = "NONE"
    Info (12134): Parameter "outdata_reg_a" = "UNREGISTERED"
    Info (12134): Parameter "widthad_a" = "8"
    Info (12134): Parameter "width_a" = "32"
    Info (12134): Parameter "width_byteena_a" = "1"
Info (12021): Found 1 design units, including 1 entities, in source file db/altsyncram_gm91.tdf
    Info (12023): Found entity 1: altsyncram_gm91
Info (12128): Elaborating entity "altsyncram_gm91" for hierarchy "ROM:inst40|altsyncram:altsyncram_component|altsyncram_gm91:auto_generated"
Warning (12125): Using design file upc.bdf, which is not specified as a design file for the current project, but contains definitions for 1 design units and 1 entities in project
    Info (12023): Found entity 1: uPC
Info (12128): Elaborating entity "uPC" for hierarchy "uPC:inst13"
Info (12128): Elaborating entity "74161" for hierarchy "uPC:inst13|74161:inst"
Info (12130): Elaborated megafunction instantiation "uPC:inst13|74161:inst"
Info (12128): Elaborating entity "f74161" for hierarchy "uPC:inst13|74161:inst|f74161:sub"
Info (12131): Elaborated megafunction instantiation "uPC:inst13|74161:inst|f74161:sub", which is child of megafunction instantiation "uPC:inst13|74161:inst"
Info (12128): Elaborating entity "74161" for hierarchy "uPC:inst13|74161:inst1"
Info (12130): Elaborated megafunction instantiation "uPC:inst13|74161:inst1"
Warning (12125): Using design file choose_2.bdf, which is not specified as a design file for the current project, but contains definitions for 1 design units and 1 entities in project
    Info (12023): Found entity 1: choose_2
Info (12128): Elaborating entity "choose_2" for hierarchy "choose_2:inst38"
Warning (12125): Using design file 3_8decoder.bdf, which is not specified as a design file for the current project, but contains definitions for 1 design units and 1 entities in project
    Info (12023): Found entity 1: 3_8decoder
Info (12128): Elaborating entity "3_8decoder" for hierarchy "3_8decoder:inst25"
Warning (12125): Using design file alu.bdf, which is not specified as a design file for the current project, but contains definitions for 1 design units and 1 entities in project
    Info (12023): Found entity 1: ALU
Info (12128): Elaborating entity "ALU" for hierarchy "ALU:inst27"
Warning (275002): No superset bus at connection
Warning (275002): No superset bus at connection
Info (12128): Elaborating entity "74181" for hierarchy "ALU:inst27|74181:inst"
Info (12130): Elaborated megafunction instantiation "ALU:inst27|74181:inst"
Info (12128): Elaborating entity "74182" for hierarchy "ALU:inst27|74182:inst2"
Info (12130): Elaborated megafunction instantiation "ALU:inst27|74182:inst2"
Warning (12125): Using design file mul.bdf, which is not specified as a design file for the current project, but contains definitions for 1 design units and 1 entities in project
    Info (12023): Found entity 1: mul
Info (12128): Elaborating entity "mul" for hierarchy "ALU:inst27|mul:inst3"
Info (12128): Elaborating entity "74285" for hierarchy "ALU:inst27|mul:inst3|74285:inst4"
Info (12130): Elaborated megafunction instantiation "ALU:inst27|mul:inst3|74285:inst4"
Info (12128): Elaborating entity "74283" for hierarchy "ALU:inst27|mul:inst3|74283:inst10"
Info (12130): Elaborated megafunction instantiation "ALU:inst27|mul:inst3|74283:inst10"
Info (12128): Elaborating entity "f74283" for hierarchy "ALU:inst27|mul:inst3|74283:inst10|f74283:sub"
Info (12131): Elaborated megafunction instantiation "ALU:inst27|mul:inst3|74283:inst10|f74283:sub", which is child of megafunction instantiation "ALU:inst27|mul:inst3|74283:inst10"
Info (12128): Elaborating entity "74283" for hierarchy "ALU:inst27|mul:inst3|74283:inst283"
Info (12130): Elaborated megafunction instantiation "ALU:inst27|mul:inst3|74283:inst283"
Info (12128): Elaborating entity "74284" for hierarchy "ALU:inst27|mul:inst3|74284:inst"
Info (12130): Elaborated megafunction instantiation "ALU:inst27|mul:inst3|74284:inst"
Warning (12125): Using design file shifter.bdf, which is not specified as a design file for the current project, but contains definitions for 1 design units and 1 entities in project
    Info (12023): Found entity 1: shifter
Info (12128): Elaborating entity "shifter" for hierarchy "ALU:inst27|shifter:inst30"
Warning (275002): No superset bus at connection
Warning (12125): Using design file divv.bdf, which is not specified as a design file for the current project, but contains definitions for 1 design units and 1 entities in project
    Info (12023): Found entity 1: divv
Info (12128): Elaborating entity "divv" for hierarchy "ALU:inst27|divv:inst29"
Warning (12125): Using design file div.vhd, which is not specified as a design file for the current project, but contains definitions for 2 design units and 1 entities in project
    Info (12022): Found design unit 1: div-SYN
    Info (12023): Found entity 1: div
Info (12128): Elaborating entity "div" for hierarchy "ALU:inst27|divv:inst29|div:inst"
Info (12128): Elaborating entity "lpm_divide" for hierarchy "ALU:inst27|divv:inst29|div:inst|lpm_divide:LPM_DIVIDE_component"
Info (12130): Elaborated megafunction instantiation "ALU:inst27|divv:inst29|div:inst|lpm_divide:LPM_DIVIDE_component"
Info (12133): Instantiated megafunction "ALU:inst27|divv:inst29|div:inst|lpm_divide:LPM_DIVIDE_component" with the following parameter:
    Info (12134): Parameter "lpm_drepresentation" = "UNSIGNED"
    Info (12134): Parameter "lpm_hint" = "LPM_REMAINDERPOSITIVE=TRUE"
    Info (12134): Parameter "lpm_nrepresentation" = "UNSIGNED"
    Info (12134): Parameter "lpm_type" = "LPM_DIVIDE"
    Info (12134): Parameter "lpm_widthd" = "8"
    Info (12134): Parameter "lpm_widthn" = "8"
Info (12021): Found 1 design units, including 1 entities, in source file db/lpm_divide_60q.tdf
    Info (12023): Found entity 1: lpm_divide_60q
Info (12128): Elaborating entity "lpm_divide_60q" for hierarchy "ALU:inst27|divv:inst29|div:inst|lpm_divide:LPM_DIVIDE_component|lpm_divide_60q:auto_generated"
Info (12021): Found 1 design units, including 1 entities, in source file db/sign_div_unsign_fkh.tdf
    Info (12023): Found entity 1: sign_div_unsign_fkh
Info (12128): Elaborating entity "sign_div_unsign_fkh" for hierarchy "ALU:inst27|divv:inst29|div:inst|lpm_divide:LPM_DIVIDE_component|lpm_divide_60q:auto_generated|sign_div_unsign_fkh:divider"
Info (12021): Found 1 design units, including 1 entities, in source file db/alt_u_div_i4f.tdf
    Info (12023): Found entity 1: alt_u_div_i4f
Info (12128): Elaborating entity "alt_u_div_i4f" for hierarchy "ALU:inst27|divv:inst29|div:inst|lpm_divide:LPM_DIVIDE_component|lpm_divide_60q:auto_generated|sign_div_unsign_fkh:divider|alt_u_div_i4f:divider"
Info (12021): Found 1 design units, including 1 entities, in source file db/add_sub_7pc.tdf
    Info (12023): Found entity 1: add_sub_7pc
Info (12128): Elaborating entity "add_sub_7pc" for hierarchy "ALU:inst27|divv:inst29|div:inst|lpm_divide:LPM_DIVIDE_component|lpm_divide_60q:auto_generated|sign_div_unsign_fkh:divider|alt_u_div_i4f:divider|add_sub_7pc:add_sub_0"
Info (12021): Found 1 design units, including 1 entities, in source file db/add_sub_8pc.tdf
    Info (12023): Found entity 1: add_sub_8pc
Info (12128): Elaborating entity "add_sub_8pc" for hierarchy "ALU:inst27|divv:inst29|div:inst|lpm_divide:LPM_DIVIDE_component|lpm_divide_60q:auto_generated|sign_div_unsign_fkh:divider|alt_u_div_i4f:divider|add_sub_8pc:add_sub_1"
Warning (12125): Using design file choose_3.bdf, which is not specified as a design file for the current project, but contains definitions for 1 design units and 1 entities in project
    Info (12023): Found entity 1: choose_3
Info (12128): Elaborating entity "choose_3" for hierarchy "choose_3:inst23"
Warning (275011): Block or symbol "AND2" of instance "inst24" overlaps another block or symbol
Warning (275011): Block or symbol "AND2" of instance "inst26" overlaps another block or symbol
Warning (275011): Block or symbol "AND2" of instance "inst28" overlaps another block or symbol
Warning (275011): Block or symbol "AND2" of instance "inst30" overlaps another block or symbol
Warning (275011): Block or symbol "AND2" of instance "inst32" overlaps another block or symbol
Warning (275011): Block or symbol "AND2" of instance "inst34" overlaps another block or symbol
Warning (275011): Block or symbol "AND2" of instance "inst36" overlaps another block or symbol
Warning (275011): Block or symbol "AND2" of instance "inst38" overlaps another block or symbol
Warning (275011): Block or symbol "AND2" of instance "inst40" overlaps another block or symbol
Warning (275011): Block or symbol "AND2" of instance "inst42" overlaps another block or symbol
Warning (275011): Block or symbol "AND2" of instance "inst44" overlaps another block or symbol
Warning (275011): Block or symbol "AND2" of instance "inst46" overlaps another block or symbol
Warning (12125): Using design file 2_4decoder.bdf, which is not specified as a design file for the current project, but contains definitions for 1 design units and 1 entities in project
    Info (12023): Found entity 1: 2_4decoder
Info (12128): Elaborating entity "2_4decoder" for hierarchy "2_4decoder:inst26"
Info (12128): Elaborating entity "RAM" for hierarchy "RAM:inst39"
Info (12128): Elaborating entity "altsyncram" for hierarchy "RAM:inst39|altsyncram:altsyncram_component"
Info (12130): Elaborated megafunction instantiation "RAM:inst39|altsyncram:altsyncram_component"
Info (12133): Instantiated megafunction "RAM:inst39|altsyncram:altsyncram_component" with the following parameter:
    Info (12134): Parameter "clock_enable_input_a" = "BYPASS"
    Info (12134): Parameter "clock_enable_output_a" = "BYPASS"
    Info (12134): Parameter "init_file" = "RAM.mif"
    Info (12134): Parameter "intended_device_family" = "Cyclone IV E"
    Info (12134): Parameter "lpm_hint" = "ENABLE_RUNTIME_MOD=NO"
    Info (12134): Parameter "lpm_type" = "altsyncram"
    Info (12134): Parameter "numwords_a" = "256"
    Info (12134): Parameter "operation_mode" = "SINGLE_PORT"
    Info (12134): Parameter "outdata_aclr_a" = "NONE"
    Info (12134): Parameter "outdata_reg_a" = "UNREGISTERED"
    Info (12134): Parameter "power_up_uninitialized" = "FALSE"
    Info (12134): Parameter "read_during_write_mode_port_a" = "NEW_DATA_NO_NBE_READ"
    Info (12134): Parameter "widthad_a" = "8"
    Info (12134): Parameter "width_a" = "8"
    Info (12134): Parameter "width_byteena_a" = "1"
Info (12021): Found 1 design units, including 1 entities, in source file db/altsyncram_5th1.tdf
    Info (12023): Found entity 1: altsyncram_5th1
Info (12128): Elaborating entity "altsyncram_5th1" for hierarchy "RAM:inst39|altsyncram:altsyncram_component|altsyncram_5th1:auto_generated"
Info (12128): Elaborating entity "74273" for hierarchy "74273:MAR"
Info (12130): Elaborated megafunction instantiation "74273:MAR"
Info (12128): Elaborating entity "74374" for hierarchy "74374:R0"
Info (12130): Elaborated megafunction instantiation "74374:R0"
Warning (12125): Using design file pc.bdf, which is not specified as a design file for the current project, but contains definitions for 1 design units and 1 entities in project
    Info (12023): Found entity 1: PC
Info (12128): Elaborating entity "PC" for hierarchy "PC:inst35"
Warning (14284): Synthesized away the following node(s):
    Warning (14285): Synthesized away the following RAM node(s):
        Warning (14320): Synthesized away node "RAM:inst39|altsyncram:altsyncram_component|altsyncram_5th1:auto_generated|q_a[0]"
        Warning (14320): Synthesized away node "RAM:inst39|altsyncram:altsyncram_component|altsyncram_5th1:auto_generated|q_a[1]"
        Warning (14320): Synthesized away node "RAM:inst39|altsyncram:altsyncram_component|altsyncram_5th1:auto_generated|q_a[2]"
        Warning (14320): Synthesized away node "RAM:inst39|altsyncram:altsyncram_component|altsyncram_5th1:auto_generated|q_a[3]"
        Warning (14320): Synthesized away node "RAM:inst39|altsyncram:altsyncram_component|altsyncram_5th1:auto_generated|q_a[4]"
        Warning (14320): Synthesized away node "RAM:inst39|altsyncram:altsyncram_component|altsyncram_5th1:auto_generated|q_a[5]"
        Warning (14320): Synthesized away node "RAM:inst39|altsyncram:altsyncram_component|altsyncram_5th1:auto_generated|q_a[6]"
        Warning (14320): Synthesized away node "RAM:inst39|altsyncram:altsyncram_component|altsyncram_5th1:auto_generated|q_a[7]"
        Warning (14320): Synthesized away node "ROM:inst40|altsyncram:altsyncram_component|altsyncram_gm91:auto_generated|q_a[0]"
        Warning (14320): Synthesized away node "ROM:inst40|altsyncram:altsyncram_component|altsyncram_gm91:auto_generated|q_a[1]"
        Warning (14320): Synthesized away node "ROM:inst40|altsyncram:altsyncram_component|altsyncram_gm91:auto_generated|q_a[2]"
        Warning (14320): Synthesized away node "ROM:inst40|altsyncram:altsyncram_component|altsyncram_gm91:auto_generated|q_a[3]"
        Warning (14320): Synthesized away node "ROM:inst40|altsyncram:altsyncram_component|altsyncram_gm91:auto_generated|q_a[4]"
        Warning (14320): Synthesized away node "ROM:inst40|altsyncram:altsyncram_component|altsyncram_gm91:auto_generated|q_a[5]"
        Warning (14320): Synthesized away node "ROM:inst40|altsyncram:altsyncram_component|altsyncram_gm91:auto_generated|q_a[6]"
        Warning (14320): Synthesized away node "ROM:inst40|altsyncram:altsyncram_component|altsyncram_gm91:auto_generated|q_a[7]"
        Warning (14320): Synthesized away node "ROM:inst40|altsyncram:altsyncram_component|altsyncram_gm91:auto_generated|q_a[8]"
        Warning (14320): Synthesized away node "ROM:inst40|altsyncram:altsyncram_component|altsyncram_gm91:auto_generated|q_a[9]"
        Warning (14320): Synthesized away node "ROM:inst40|altsyncram:altsyncram_component|altsyncram_gm91:auto_generated|q_a[10]"
        Warning (14320): Synthesized away node "ROM:inst40|altsyncram:altsyncram_component|altsyncram_gm91:auto_generated|q_a[11]"
        Warning (14320): Synthesized away node "ROM:inst40|altsyncram:altsyncram_component|altsyncram_gm91:auto_generated|q_a[12]"
        Warning (14320): Synthesized away node "ROM:inst40|altsyncram:altsyncram_component|altsyncram_gm91:auto_generated|q_a[13]"
        Warning (14320): Synthesized away node "ROM:inst40|altsyncram:altsyncram_component|altsyncram_gm91:auto_generated|q_a[14]"
        Warning (14320): Synthesized away node "ROM:inst40|altsyncram:altsyncram_component|altsyncram_gm91:auto_generated|q_a[15]"
        Warning (14320): Synthesized away node "ROM:inst40|altsyncram:altsyncram_component|altsyncram_gm91:auto_generated|q_a[16]"
        Warning (14320): Synthesized away node "ROM:inst40|altsyncram:altsyncram_component|altsyncram_gm91:auto_generated|q_a[17]"
        Warning (14320): Synthesized away node "ROM:inst40|altsyncram:altsyncram_component|altsyncram_gm91:auto_generated|q_a[18]"
        Warning (14320): Synthesized away node "ROM:inst40|altsyncram:altsyncram_component|altsyncram_gm91:auto_generated|q_a[19]"
        Warning (14320): Synthesized away node "ROM:inst40|altsyncram:altsyncram_component|altsyncram_gm91:auto_generated|q_a[20]"
        Warning (14320): Synthesized away node "ROM:inst40|altsyncram:altsyncram_component|altsyncram_gm91:auto_generated|q_a[21]"
        Warning (14320): Synthesized away node "ROM:inst40|altsyncram:altsyncram_component|altsyncram_gm91:auto_generated|q_a[22]"
        Warning (14320): Synthesized away node "ROM:inst40|altsyncram:altsyncram_component|altsyncram_gm91:auto_generated|q_a[23]"
        Warning (14320): Synthesized away node "ROM:inst40|altsyncram:altsyncram_component|altsyncram_gm91:auto_generated|q_a[24]"
        Warning (14320): Synthesized away node "ROM:inst40|altsyncram:altsyncram_component|altsyncram_gm91:auto_generated|q_a[25]"
        Warning (14320): Synthesized away node "ROM:inst40|altsyncram:altsyncram_component|altsyncram_gm91:auto_generated|q_a[26]"
        Warning (14320): Synthesized away node "ROM:inst40|altsyncram:altsyncram_component|altsyncram_gm91:auto_generated|q_a[27]"
        Warning (14320): Synthesized away node "ROM:inst40|altsyncram:altsyncram_component|altsyncram_gm91:auto_generated|q_a[28]"
        Warning (14320): Synthesized away node "ROM:inst40|altsyncram:altsyncram_component|altsyncram_gm91:auto_generated|q_a[29]"
        Warning (14320): Synthesized away node "ROM:inst40|altsyncram:altsyncram_component|altsyncram_gm91:auto_generated|q_a[30]"
        Warning (14320): Synthesized away node "ROM:inst40|altsyncram:altsyncram_component|altsyncram_gm91:auto_generated|q_a[31]"
Info (17049): 66 registers lost all their fanouts during netlist optimizations.
Info (16010): Generating hard_block partition "hard_block:auto_generated_inst"
    Info (16011): Adding 0 node(s), including 0 DDIO, 0 PLL, 0 transceiver and 0 LCELL
Warning (21074): Design contains 4 input pin(s) that do not drive logic
    Warning (15610): No output dependent on input pin "C_clk"
    Warning (15610): No output dependent on input pin "S_clk"
    Warning (15610): No output dependent on input pin "Open"
    Warning (15610): No output dependent on input pin "CLR"
Info (21057): Implemented 4 device resources after synthesis - the final resource count might be different
    Info (21058): Implemented 4 input pins
    Info (21059): Implemented 0 output pins
Info: Quartus II 64-Bit Analysis & Synthesis was successful. 0 errors, 75 warnings
    Info: Peak virtual memory: 4654 megabytes
    Info: Processing ended: Mon Nov 11 20:14:19 2024
    Info: Elapsed time: 00:00:07
    Info: Total CPU time (on all processors): 00:00:01


