Flow report for ex1
Tue Oct 08 14:26:01 2024
Quartus II 64-Bit Version 13.0.0 Build 156 04/24/2013 SJ Full Version


---------------------
; Table of Contents ;
---------------------
  1. Legal Notice
  2. Flow Summary
  3. Flow Settings
  4. Flow Non-Default Global Settings
  5. Flow Elapsed Time
  6. Flow OS Summary
  7. Flow Log
  8. Flow Messages
  9. Flow Suppressed Messages



----------------
; Legal Notice ;
----------------
Copyright (C) 1991-2013 Altera Corporation
Your use of Altera Corporation's design tools, logic functions 
and other software and tools, and its AMPP partner logic 
functions, and any output files from any of the foregoing 
(including device programming or simulation files), and any 
associated documentation or information are expressly subject 
to the terms and conditions of the Altera Program License 
Subscription Agreement, Altera MegaCore Function License 
Agreement, or other applicable license agreement, including, 
without limitation, that your use is for the sole purpose of 
programming logic devices manufactured by Altera and sold by 
Altera or its authorized distributors.  Please refer to the 
applicable agreement for further details.



+----------------------------------------------------------------------------------+
; Flow Summary                                                                     ;
+------------------------------------+---------------------------------------------+
; Flow Status                        ; Successful - Tue Oct 08 14:26:01 2024       ;
; Quartus II 64-Bit Version          ; 13.0.0 Build 156 04/24/2013 SJ Full Version ;
; Revision Name                      ; ex1                                         ;
; Top-level Entity Name              ; ex1                                         ;
; Family                             ; Cyclone IV E                                ;
; Device                             ; EP4CE6E22C8                                 ;
; Timing Models                      ; Final                                       ;
; Total logic elements               ; 49 / 6,272 ( < 1 % )                        ;
;     Total combinational functions  ; 47 / 6,272 ( < 1 % )                        ;
;     Dedicated logic registers      ; 32 / 6,272 ( < 1 % )                        ;
; Total registers                    ; 32                                          ;
; Total pins                         ; 10 / 92 ( 11 % )                            ;
; Total virtual pins                 ; 0                                           ;
; Total memory bits                  ; 4,352 / 276,480 ( 2 % )                     ;
; Embedded Multiplier 9-bit elements ; 0 / 30 ( 0 % )                              ;
; Total PLLs                         ; 0 / 2 ( 0 % )                               ;
+------------------------------------+---------------------------------------------+


+-----------------------------------------+
; Flow Settings                           ;
+-------------------+---------------------+
; Option            ; Setting             ;
+-------------------+---------------------+
; Start date & time ; 10/08/2024 14:10:52 ;
; Main task         ; Compilation         ;
; Revision Name     ; ex1                 ;
+-------------------+---------------------+


+----------------------------------------------------------------------------------------------------------------------------+
; Flow Non-Default Global Settings                                                                                           ;
+-------------------------------------+---------------------------------------+---------------+-------------+----------------+
; Assignment Name                     ; Value                                 ; Default Value ; Entity Name ; Section Id     ;
+-------------------------------------+---------------------------------------+---------------+-------------+----------------+
; COMPILER_SIGNATURE_ID               ; 817172276973.172836785208572          ; --            ; --          ; --             ;
; EDA_OUTPUT_DATA_FORMAT              ; Vhdl                                  ; --            ; --          ; eda_simulation ;
; EDA_SIMULATION_TOOL                 ; ModelSim-Altera (VHDL)                ; <None>        ; --          ; --             ;
; IP_TOOL_NAME                        ; ROM: 1-PORT                           ; --            ; --          ; --             ;
; IP_TOOL_VERSION                     ; 13.0                                  ; --            ; --          ; --             ;
; MAX_CORE_JUNCTION_TEMP              ; 85                                    ; --            ; --          ; --             ;
; MIN_CORE_JUNCTION_TEMP              ; 0                                     ; --            ; --          ; --             ;
; MISC_FILE                           ; ROM.bsf                               ; --            ; --          ; --             ;
; MISC_FILE                           ; ROM.cmp                               ; --            ; --          ; --             ;
; NOMINAL_CORE_SUPPLY_VOLTAGE         ; 1.2V                                  ; --            ; --          ; --             ;
; PARTITION_COLOR                     ; 16764057                              ; --            ; --          ; Top            ;
; PARTITION_FITTER_PRESERVATION_LEVEL ; PLACEMENT_AND_ROUTING                 ; --            ; --          ; Top            ;
; PARTITION_NETLIST_TYPE              ; SOURCE                                ; --            ; --          ; Top            ;
; POWER_BOARD_THERMAL_MODEL           ; None (CONSERVATIVE)                   ; --            ; --          ; --             ;
; POWER_PRESET_COOLING_SOLUTION       ; 23 MM HEAT SINK WITH 200 LFPM AIRFLOW ; --            ; --          ; --             ;
; PROJECT_OUTPUT_DIRECTORY            ; output_files                          ; --            ; --          ; --             ;
+-------------------------------------+---------------------------------------+---------------+-------------+----------------+


+-------------------------------------------------------------------------------------------------------------------------------+
; Flow Elapsed Time                                                                                                             ;
+---------------------------+--------------+-------------------------+---------------------+------------------------------------+
; Module Name               ; Elapsed Time ; Average Processors Used ; Peak Virtual Memory ; Total CPU Time (on all processors) ;
+---------------------------+--------------+-------------------------+---------------------+------------------------------------+
; Analysis & Synthesis      ; 00:00:02     ; 1.0                     ; 4672 MB             ; 00:00:01                           ;
; Fitter                    ; 00:00:05     ; 3.8                     ; 5679 MB             ; 00:00:02                           ;
; Assembler                 ; 00:00:01     ; 1.0                     ; 4547 MB             ; 00:00:01                           ;
; TimeQuest Timing Analyzer ; 00:00:02     ; 1.0                     ; 4666 MB             ; 00:00:01                           ;
; EDA Netlist Writer        ; 00:00:01     ; 1.0                     ; 4513 MB             ; 00:00:00                           ;
; EDA Netlist Writer        ; 00:00:00     ; 1.0                     ; 4510 MB             ; 00:00:00                           ;
; EDA Netlist Writer        ; 00:00:00     ; 1.0                     ; 4515 MB             ; 00:00:00                           ;
; EDA Netlist Writer        ; 00:00:01     ; 1.0                     ; 4510 MB             ; 00:00:00                           ;
; EDA Netlist Writer        ; 00:00:00     ; 1.0                     ; 4526 MB             ; 00:00:00                           ;
; EDA Netlist Writer        ; 00:00:01     ; 1.0                     ; 4510 MB             ; 00:00:00                           ;
; EDA Netlist Writer        ; 00:00:00     ; 1.0                     ; 4515 MB             ; 00:00:00                           ;
; Total                     ; 00:00:13     ; --                      ; --                  ; 00:00:05                           ;
+---------------------------+--------------+-------------------------+---------------------+------------------------------------+


+----------------------------------------------------------------------------------------+
; Flow OS Summary                                                                        ;
+---------------------------+------------------+-----------+------------+----------------+
; Module Name               ; Machine Hostname ; OS Name   ; OS Version ; Processor type ;
+---------------------------+------------------+-----------+------------+----------------+
; Analysis & Synthesis      ; wyc              ; Windows 7 ; 6.2        ; x86_64         ;
; Fitter                    ; wyc              ; Windows 7 ; 6.2        ; x86_64         ;
; Assembler                 ; wyc              ; Windows 7 ; 6.2        ; x86_64         ;
; TimeQuest Timing Analyzer ; wyc              ; Windows 7 ; 6.2        ; x86_64         ;
; EDA Netlist Writer        ; wyc              ; Windows 7 ; 6.2        ; x86_64         ;
; EDA Netlist Writer        ; wyc              ; Windows 7 ; 6.2        ; x86_64         ;
; EDA Netlist Writer        ; wyc              ; Windows 7 ; 6.2        ; x86_64         ;
; EDA Netlist Writer        ; wyc              ; Windows 7 ; 6.2        ; x86_64         ;
; EDA Netlist Writer        ; wyc              ; Windows 7 ; 6.2        ; x86_64         ;
; EDA Netlist Writer        ; wyc              ; Windows 7 ; 6.2        ; x86_64         ;
; EDA Netlist Writer        ; wyc              ; Windows 7 ; 6.2        ; x86_64         ;
+---------------------------+------------------+-----------+------------+----------------+


------------
; Flow Log ;
------------
quartus_map --read_settings_files=on --write_settings_files=off ex1 -c ex1
quartus_fit --read_settings_files=off --write_settings_files=off ex1 -c ex1
quartus_asm --read_settings_files=off --write_settings_files=off ex1 -c ex1
quartus_sta ex1 -c ex1
quartus_eda --read_settings_files=off --write_settings_files=off ex1 -c ex1
quartus_eda --gen_testbench --check_outputs=on --tool=modelsim_oem --format=verilog ex1 -c ex1 --vector_source=C:/Users/wyc/Desktop/lab1/ex1/ex1/Waveform2.vwf --testbench_file=./simulation/qsim/ex1.vt
quartus_eda --functional=on --simulation=on --tool=modelsim_oem --format=verilog ex1 -c ex1
quartus_eda --gen_testbench --check_outputs=on --tool=modelsim_oem --format=verilog ex1 -c ex1 --vector_source=C:/Users/wyc/Desktop/lab1/ex1/ex1/Waveform2.vwf --testbench_file=./simulation/qsim/ex1.vt
quartus_eda --functional=on --simulation=on --tool=modelsim_oem --format=verilog ex1 -c ex1
quartus_eda --gen_testbench --check_outputs=on --tool=modelsim_oem --format=verilog ex1 -c ex1 --vector_source="C:/Users/wyc/Desktop/Computer Design/ex1/ex1/Waveform2.vwf" --testbench_file=./simulation/qsim/ex1.vt
quartus_eda --functional=on --simulation=on --tool=modelsim_oem --format=verilog ex1 -c ex1



