Analysis & Synthesis report for ALU
Sun Nov 24 17:34:28 2024
Quartus II 64-Bit Version 13.0.0 Build 156 04/24/2013 SJ Full Version


---------------------
; Table of Contents ;
---------------------
  1. Legal Notice
  2. Analysis & Synthesis Summary
  3. Analysis & Synthesis Settings
  4. Parallel Compilation
  5. Analysis & Synthesis Source Files Read
  6. Analysis & Synthesis Resource Usage Summary
  7. Analysis & Synthesis Resource Utilization by Entity
  8. General Register Statistics
  9. Multiplexer Restructuring Statistics (Restructuring Performed)
 10. Elapsed Time Per Partition
 11. Analysis & Synthesis Messages



----------------
; Legal Notice ;
----------------
Copyright (C) 1991-2013 Altera Corporation
Your use of Altera Corporation's design tools, logic functions 
and other software and tools, and its AMPP partner logic 
functions, and any output files from any of the foregoing 
(including device programming or simulation files), and any 
associated documentation or information are expressly subject 
to the terms and conditions of the Altera Program License 
Subscription Agreement, Altera MegaCore Function License 
Agreement, or other applicable license agreement, including, 
without limitation, that your use is for the sole purpose of 
programming logic devices manufactured by Altera and sold by 
Altera or its authorized distributors.  Please refer to the 
applicable agreement for further details.



+----------------------------------------------------------------------------------+
; Analysis & Synthesis Summary                                                     ;
+------------------------------------+---------------------------------------------+
; Analysis & Synthesis Status        ; Successful - Sun Nov 24 17:34:28 2024       ;
; Quartus II 64-Bit Version          ; 13.0.0 Build 156 04/24/2013 SJ Full Version ;
; Revision Name                      ; ALU                                         ;
; Top-level Entity Name              ; ALU                                         ;
; Family                             ; Cyclone IV E                                ;
; Total logic elements               ; 126                                         ;
;     Total combinational functions  ; 126                                         ;
;     Dedicated logic registers      ; 0                                           ;
; Total registers                    ; 0                                           ;
; Total pins                         ; 34                                          ;
; Total virtual pins                 ; 0                                           ;
; Total memory bits                  ; 0                                           ;
; Embedded Multiplier 9-bit elements ; 0                                           ;
; Total PLLs                         ; 0                                           ;
+------------------------------------+---------------------------------------------+


+----------------------------------------------------------------------------------------------------------------------+
; Analysis & Synthesis Settings                                                                                        ;
+----------------------------------------------------------------------------+--------------------+--------------------+
; Option                                                                     ; Setting            ; Default Value      ;
+----------------------------------------------------------------------------+--------------------+--------------------+
; Device                                                                     ; EP4CE6E22C8        ;                    ;
; Top-level entity name                                                      ; ALU                ; ALU                ;
; Family name                                                                ; Cyclone IV E       ; Cyclone IV GX      ;
; Use smart compilation                                                      ; Off                ; Off                ;
; Enable parallel Assembler and TimeQuest Timing Analyzer during compilation ; On                 ; On                 ;
; Enable compact report table                                                ; Off                ; Off                ;
; Restructure Multiplexers                                                   ; Auto               ; Auto               ;
; Create Debugging Nodes for IP Cores                                        ; Off                ; Off                ;
; Preserve fewer node names                                                  ; On                 ; On                 ;
; Disable OpenCore Plus hardware evaluation                                  ; Off                ; Off                ;
; Verilog Version                                                            ; Verilog_2001       ; Verilog_2001       ;
; VHDL Version                                                               ; VHDL_1993          ; VHDL_1993          ;
; State Machine Processing                                                   ; Auto               ; Auto               ;
; Safe State Machine                                                         ; Off                ; Off                ;
; Extract Verilog State Machines                                             ; On                 ; On                 ;
; Extract VHDL State Machines                                                ; On                 ; On                 ;
; Ignore Verilog initial constructs                                          ; Off                ; Off                ;
; Iteration limit for constant Verilog loops                                 ; 5000               ; 5000               ;
; Iteration limit for non-constant Verilog loops                             ; 250                ; 250                ;
; Add Pass-Through Logic to Inferred RAMs                                    ; On                 ; On                 ;
; Infer RAMs from Raw Logic                                                  ; On                 ; On                 ;
; Parallel Synthesis                                                         ; On                 ; On                 ;
; DSP Block Balancing                                                        ; Auto               ; Auto               ;
; NOT Gate Push-Back                                                         ; On                 ; On                 ;
; Power-Up Don't Care                                                        ; On                 ; On                 ;
; Remove Redundant Logic Cells                                               ; Off                ; Off                ;
; Remove Duplicate Registers                                                 ; On                 ; On                 ;
; Ignore CARRY Buffers                                                       ; Off                ; Off                ;
; Ignore CASCADE Buffers                                                     ; Off                ; Off                ;
; Ignore GLOBAL Buffers                                                      ; Off                ; Off                ;
; Ignore ROW GLOBAL Buffers                                                  ; Off                ; Off                ;
; Ignore LCELL Buffers                                                       ; Off                ; Off                ;
; Ignore SOFT Buffers                                                        ; On                 ; On                 ;
; Limit AHDL Integers to 32 Bits                                             ; Off                ; Off                ;
; Optimization Technique                                                     ; Balanced           ; Balanced           ;
; Carry Chain Length                                                         ; 70                 ; 70                 ;
; Auto Carry Chains                                                          ; On                 ; On                 ;
; Auto Open-Drain Pins                                                       ; On                 ; On                 ;
; Perform WYSIWYG Primitive Resynthesis                                      ; Off                ; Off                ;
; Auto ROM Replacement                                                       ; On                 ; On                 ;
; Auto RAM Replacement                                                       ; On                 ; On                 ;
; Auto DSP Block Replacement                                                 ; On                 ; On                 ;
; Auto Shift Register Replacement                                            ; Auto               ; Auto               ;
; Allow Shift Register Merging across Hierarchies                            ; Auto               ; Auto               ;
; Auto Clock Enable Replacement                                              ; On                 ; On                 ;
; Strict RAM Replacement                                                     ; Off                ; Off                ;
; Allow Synchronous Control Signals                                          ; On                 ; On                 ;
; Force Use of Synchronous Clear Signals                                     ; Off                ; Off                ;
; Auto RAM Block Balancing                                                   ; On                 ; On                 ;
; Auto RAM to Logic Cell Conversion                                          ; Off                ; Off                ;
; Auto Resource Sharing                                                      ; Off                ; Off                ;
; Allow Any RAM Size For Recognition                                         ; Off                ; Off                ;
; Allow Any ROM Size For Recognition                                         ; Off                ; Off                ;
; Allow Any Shift Register Size For Recognition                              ; Off                ; Off                ;
; Use LogicLock Constraints during Resource Balancing                        ; On                 ; On                 ;
; Ignore translate_off and synthesis_off directives                          ; Off                ; Off                ;
; Timing-Driven Synthesis                                                    ; On                 ; On                 ;
; Report Parameter Settings                                                  ; On                 ; On                 ;
; Report Source Assignments                                                  ; On                 ; On                 ;
; Report Connectivity Checks                                                 ; On                 ; On                 ;
; Ignore Maximum Fan-Out Assignments                                         ; Off                ; Off                ;
; Synchronization Register Chain Length                                      ; 2                  ; 2                  ;
; PowerPlay Power Optimization                                               ; Normal compilation ; Normal compilation ;
; HDL message level                                                          ; Level2             ; Level2             ;
; Suppress Register Optimization Related Messages                            ; Off                ; Off                ;
; Number of Removed Registers Reported in Synthesis Report                   ; 5000               ; 5000               ;
; Number of Swept Nodes Reported in Synthesis Report                         ; 5000               ; 5000               ;
; Number of Inverted Registers Reported in Synthesis Report                  ; 100                ; 100                ;
; Clock MUX Protection                                                       ; On                 ; On                 ;
; Auto Gated Clock Conversion                                                ; Off                ; Off                ;
; Block Design Naming                                                        ; Auto               ; Auto               ;
; SDC constraint protection                                                  ; Off                ; Off                ;
; Synthesis Effort                                                           ; Auto               ; Auto               ;
; Shift Register Replacement - Allow Asynchronous Clear Signal               ; On                 ; On                 ;
; Pre-Mapping Resynthesis Optimization                                       ; Off                ; Off                ;
; Analysis & Synthesis Message Level                                         ; Medium             ; Medium             ;
; Disable Register Merging Across Hierarchies                                ; Auto               ; Auto               ;
; Resource Aware Inference For Block RAM                                     ; On                 ; On                 ;
; Synthesis Seed                                                             ; 1                  ; 1                  ;
+----------------------------------------------------------------------------+--------------------+--------------------+


+------------------------------------------+
; Parallel Compilation                     ;
+----------------------------+-------------+
; Processors                 ; Number      ;
+----------------------------+-------------+
; Number detected on machine ; 16          ;
; Maximum allowed            ; 12          ;
;                            ;             ;
; Average used               ; 1.00        ;
; Maximum used               ; 1           ;
;                            ;             ;
; Usage by Processor         ; % Time Used ;
;     Processor 1            ; 100.0%      ;
;     Processors 2-16        ;   0.0%      ;
+----------------------------+-------------+


+---------------------------------------------------------------------------------------------------------------------------------------------------------------------------+
; Analysis & Synthesis Source Files Read                                                                                                                                    ;
+----------------------------------+-----------------+------------------------------------------+-----------------------------------------------------------------+---------+
; File Name with User-Entered Path ; Used in Netlist ; File Type                                ; File Name with Absolute Path                                    ; Library ;
+----------------------------------+-----------------+------------------------------------------+-----------------------------------------------------------------+---------+
; ALU.bdf                          ; yes             ; User Block Diagram/Schematic File        ; C:/Users/wyc/Desktop/Computer Design/keshe-ex4/ALU/ALU.bdf      ;         ;
; 74181.bdf                        ; yes             ; Megafunction                             ; c:/altera/13.0/quartus/libraries/others/maxplus2/74181.bdf      ;         ;
; multiply.bdf                     ; yes             ; Auto-Found Block Diagram/Schematic File  ; C:/Users/wyc/Desktop/Computer Design/keshe-ex4/ALU/multiply.bdf ;         ;
; danyuan.bdf                      ; yes             ; Auto-Found Block Diagram/Schematic File  ; C:/Users/wyc/Desktop/Computer Design/keshe-ex4/ALU/danyuan.bdf  ;         ;
; allplus.bdf                      ; yes             ; Auto-Found Block Diagram/Schematic File  ; C:/Users/wyc/Desktop/Computer Design/keshe-ex4/ALU/allplus.bdf  ;         ;
; shift.bdf                        ; yes             ; Auto-Found Block Diagram/Schematic File  ; C:/Users/wyc/Desktop/Computer Design/keshe-ex4/ALU/shift.bdf    ;         ;
; 74182.bdf                        ; yes             ; Megafunction                             ; c:/altera/13.0/quartus/libraries/others/maxplus2/74182.bdf      ;         ;
+----------------------------------+-----------------+------------------------------------------+-----------------------------------------------------------------+---------+


+----------------------------------------------------------+
; Analysis & Synthesis Resource Usage Summary              ;
+---------------------------------------------+------------+
; Resource                                    ; Usage      ;
+---------------------------------------------+------------+
; Estimated Total logic elements              ; 126        ;
;                                             ;            ;
; Total combinational functions               ; 126        ;
; Logic element usage by number of LUT inputs ;            ;
;     -- 4 input functions                    ; 85         ;
;     -- 3 input functions                    ; 21         ;
;     -- <=2 input functions                  ; 20         ;
;                                             ;            ;
; Logic elements by mode                      ;            ;
;     -- normal mode                          ; 126        ;
;     -- arithmetic mode                      ; 0          ;
;                                             ;            ;
; Total registers                             ; 0          ;
;     -- Dedicated logic registers            ; 0          ;
;     -- I/O registers                        ; 0          ;
;                                             ;            ;
; I/O pins                                    ; 34         ;
; Embedded Multiplier 9-bit elements          ; 0          ;
; Maximum fan-out node                        ; B[0]~input ;
; Maximum fan-out                             ; 17         ;
; Total fan-out                               ; 485        ;
; Average fan-out                             ; 2.50       ;
+---------------------------------------------+------------+


+----------------------------------------------------------------------------------------------------------------------------------------------------------------------------------------------------------+
; Analysis & Synthesis Resource Utilization by Entity                                                                                                                                                      ;
+----------------------------+-------------------+--------------+-------------+--------------+---------+-----------+------+--------------+--------------------------------------------------+--------------+
; Compilation Hierarchy Node ; LC Combinationals ; LC Registers ; Memory Bits ; DSP Elements ; DSP 9x9 ; DSP 18x18 ; Pins ; Virtual Pins ; Full Hierarchy Name                              ; Library Name ;
+----------------------------+-------------------+--------------+-------------+--------------+---------+-----------+------+--------------+--------------------------------------------------+--------------+
; |ALU                       ; 126 (23)          ; 0 (0)        ; 0           ; 0            ; 0       ; 0         ; 34   ; 0            ; |ALU                                             ;              ;
;    |74181:inst1|           ; 12 (12)           ; 0 (0)        ; 0           ; 0            ; 0       ; 0         ; 0    ; 0            ; |ALU|74181:inst1                                 ;              ;
;    |74181:inst|            ; 15 (15)           ; 0 (0)        ; 0           ; 0            ; 0       ; 0         ; 0    ; 0            ; |ALU|74181:inst                                  ;              ;
;    |74182:inst2|           ; 4 (4)             ; 0 (0)        ; 0           ; 0            ; 0       ; 0         ; 0    ; 0            ; |ALU|74182:inst2                                 ;              ;
;    |multiply:inst41|       ; 66 (0)            ; 0 (0)        ; 0           ; 0            ; 0       ; 0         ; 0    ; 0            ; |ALU|multiply:inst41                             ;              ;
;       |danyuan:inst19|     ; 1 (1)             ; 0 (0)        ; 0           ; 0            ; 0       ; 0         ; 0    ; 0            ; |ALU|multiply:inst41|danyuan:inst19              ;              ;
;       |danyuan:inst22|     ; 3 (1)             ; 0 (0)        ; 0           ; 0            ; 0       ; 0         ; 0    ; 0            ; |ALU|multiply:inst41|danyuan:inst22              ;              ;
;          |allplus:inst|    ; 2 (2)             ; 0 (0)        ; 0           ; 0            ; 0       ; 0         ; 0    ; 0            ; |ALU|multiply:inst41|danyuan:inst22|allplus:inst ;              ;
;       |danyuan:inst23|     ; 3 (1)             ; 0 (0)        ; 0           ; 0            ; 0       ; 0         ; 0    ; 0            ; |ALU|multiply:inst41|danyuan:inst23              ;              ;
;          |allplus:inst|    ; 2 (2)             ; 0 (0)        ; 0           ; 0            ; 0       ; 0         ; 0    ; 0            ; |ALU|multiply:inst41|danyuan:inst23|allplus:inst ;              ;
;       |danyuan:inst24|     ; 2 (1)             ; 0 (0)        ; 0           ; 0            ; 0       ; 0         ; 0    ; 0            ; |ALU|multiply:inst41|danyuan:inst24              ;              ;
;          |allplus:inst|    ; 1 (1)             ; 0 (0)        ; 0           ; 0            ; 0       ; 0         ; 0    ; 0            ; |ALU|multiply:inst41|danyuan:inst24|allplus:inst ;              ;
;       |danyuan:inst25|     ; 2 (0)             ; 0 (0)        ; 0           ; 0            ; 0       ; 0         ; 0    ; 0            ; |ALU|multiply:inst41|danyuan:inst25              ;              ;
;          |allplus:inst|    ; 2 (2)             ; 0 (0)        ; 0           ; 0            ; 0       ; 0         ; 0    ; 0            ; |ALU|multiply:inst41|danyuan:inst25|allplus:inst ;              ;
;       |danyuan:inst26|     ; 3 (1)             ; 0 (0)        ; 0           ; 0            ; 0       ; 0         ; 0    ; 0            ; |ALU|multiply:inst41|danyuan:inst26              ;              ;
;          |allplus:inst|    ; 2 (2)             ; 0 (0)        ; 0           ; 0            ; 0       ; 0         ; 0    ; 0            ; |ALU|multiply:inst41|danyuan:inst26|allplus:inst ;              ;
;       |danyuan:inst27|     ; 3 (1)             ; 0 (0)        ; 0           ; 0            ; 0       ; 0         ; 0    ; 0            ; |ALU|multiply:inst41|danyuan:inst27              ;              ;
;          |allplus:inst|    ; 2 (2)             ; 0 (0)        ; 0           ; 0            ; 0       ; 0         ; 0    ; 0            ; |ALU|multiply:inst41|danyuan:inst27|allplus:inst ;              ;
;       |danyuan:inst28|     ; 3 (1)             ; 0 (0)        ; 0           ; 0            ; 0       ; 0         ; 0    ; 0            ; |ALU|multiply:inst41|danyuan:inst28              ;              ;
;          |allplus:inst|    ; 2 (2)             ; 0 (0)        ; 0           ; 0            ; 0       ; 0         ; 0    ; 0            ; |ALU|multiply:inst41|danyuan:inst28|allplus:inst ;              ;
;       |danyuan:inst29|     ; 3 (1)             ; 0 (0)        ; 0           ; 0            ; 0       ; 0         ; 0    ; 0            ; |ALU|multiply:inst41|danyuan:inst29              ;              ;
;          |allplus:inst|    ; 2 (2)             ; 0 (0)        ; 0           ; 0            ; 0       ; 0         ; 0    ; 0            ; |ALU|multiply:inst41|danyuan:inst29|allplus:inst ;              ;
;       |danyuan:inst2|      ; 3 (1)             ; 0 (0)        ; 0           ; 0            ; 0       ; 0         ; 0    ; 0            ; |ALU|multiply:inst41|danyuan:inst2               ;              ;
;          |allplus:inst|    ; 2 (2)             ; 0 (0)        ; 0           ; 0            ; 0       ; 0         ; 0    ; 0            ; |ALU|multiply:inst41|danyuan:inst2|allplus:inst  ;              ;
;       |danyuan:inst30|     ; 3 (1)             ; 0 (0)        ; 0           ; 0            ; 0       ; 0         ; 0    ; 0            ; |ALU|multiply:inst41|danyuan:inst30              ;              ;
;          |allplus:inst|    ; 2 (2)             ; 0 (0)        ; 0           ; 0            ; 0       ; 0         ; 0    ; 0            ; |ALU|multiply:inst41|danyuan:inst30|allplus:inst ;              ;
;       |danyuan:inst31|     ; 3 (1)             ; 0 (0)        ; 0           ; 0            ; 0       ; 0         ; 0    ; 0            ; |ALU|multiply:inst41|danyuan:inst31              ;              ;
;          |allplus:inst|    ; 2 (2)             ; 0 (0)        ; 0           ; 0            ; 0       ; 0         ; 0    ; 0            ; |ALU|multiply:inst41|danyuan:inst31|allplus:inst ;              ;
;       |danyuan:inst32|     ; 3 (1)             ; 0 (0)        ; 0           ; 0            ; 0       ; 0         ; 0    ; 0            ; |ALU|multiply:inst41|danyuan:inst32              ;              ;
;          |allplus:inst|    ; 2 (2)             ; 0 (0)        ; 0           ; 0            ; 0       ; 0         ; 0    ; 0            ; |ALU|multiply:inst41|danyuan:inst32|allplus:inst ;              ;
;       |danyuan:inst33|     ; 2 (0)             ; 0 (0)        ; 0           ; 0            ; 0       ; 0         ; 0    ; 0            ; |ALU|multiply:inst41|danyuan:inst33              ;              ;
;          |allplus:inst|    ; 2 (2)             ; 0 (0)        ; 0           ; 0            ; 0       ; 0         ; 0    ; 0            ; |ALU|multiply:inst41|danyuan:inst33|allplus:inst ;              ;
;       |danyuan:inst35|     ; 2 (0)             ; 0 (0)        ; 0           ; 0            ; 0       ; 0         ; 0    ; 0            ; |ALU|multiply:inst41|danyuan:inst35              ;              ;
;          |allplus:inst|    ; 2 (2)             ; 0 (0)        ; 0           ; 0            ; 0       ; 0         ; 0    ; 0            ; |ALU|multiply:inst41|danyuan:inst35|allplus:inst ;              ;
;       |danyuan:inst37|     ; 2 (0)             ; 0 (0)        ; 0           ; 0            ; 0       ; 0         ; 0    ; 0            ; |ALU|multiply:inst41|danyuan:inst37              ;              ;
;          |allplus:inst|    ; 2 (2)             ; 0 (0)        ; 0           ; 0            ; 0       ; 0         ; 0    ; 0            ; |ALU|multiply:inst41|danyuan:inst37|allplus:inst ;              ;
;       |danyuan:inst39|     ; 4 (1)             ; 0 (0)        ; 0           ; 0            ; 0       ; 0         ; 0    ; 0            ; |ALU|multiply:inst41|danyuan:inst39              ;              ;
;          |allplus:inst|    ; 3 (3)             ; 0 (0)        ; 0           ; 0            ; 0       ; 0         ; 0    ; 0            ; |ALU|multiply:inst41|danyuan:inst39|allplus:inst ;              ;
;       |danyuan:inst3|      ; 3 (1)             ; 0 (0)        ; 0           ; 0            ; 0       ; 0         ; 0    ; 0            ; |ALU|multiply:inst41|danyuan:inst3               ;              ;
;          |allplus:inst|    ; 2 (2)             ; 0 (0)        ; 0           ; 0            ; 0       ; 0         ; 0    ; 0            ; |ALU|multiply:inst41|danyuan:inst3|allplus:inst  ;              ;
;       |danyuan:inst41|     ; 3 (1)             ; 0 (0)        ; 0           ; 0            ; 0       ; 0         ; 0    ; 0            ; |ALU|multiply:inst41|danyuan:inst41              ;              ;
;          |allplus:inst|    ; 2 (2)             ; 0 (0)        ; 0           ; 0            ; 0       ; 0         ; 0    ; 0            ; |ALU|multiply:inst41|danyuan:inst41|allplus:inst ;              ;
;       |danyuan:inst45|     ; 3 (1)             ; 0 (0)        ; 0           ; 0            ; 0       ; 0         ; 0    ; 0            ; |ALU|multiply:inst41|danyuan:inst45              ;              ;
;          |allplus:inst|    ; 2 (2)             ; 0 (0)        ; 0           ; 0            ; 0       ; 0         ; 0    ; 0            ; |ALU|multiply:inst41|danyuan:inst45|allplus:inst ;              ;
;       |danyuan:inst51|     ; 7 (0)             ; 0 (0)        ; 0           ; 0            ; 0       ; 0         ; 0    ; 0            ; |ALU|multiply:inst41|danyuan:inst51              ;              ;
;          |allplus:inst|    ; 7 (7)             ; 0 (0)        ; 0           ; 0            ; 0       ; 0         ; 0    ; 0            ; |ALU|multiply:inst41|danyuan:inst51|allplus:inst ;              ;
;       |danyuan:inst53|     ; 2 (1)             ; 0 (0)        ; 0           ; 0            ; 0       ; 0         ; 0    ; 0            ; |ALU|multiply:inst41|danyuan:inst53              ;              ;
;          |allplus:inst|    ; 1 (1)             ; 0 (0)        ; 0           ; 0            ; 0       ; 0         ; 0    ; 0            ; |ALU|multiply:inst41|danyuan:inst53|allplus:inst ;              ;
;       |danyuan:inst6|      ; 3 (1)             ; 0 (0)        ; 0           ; 0            ; 0       ; 0         ; 0    ; 0            ; |ALU|multiply:inst41|danyuan:inst6               ;              ;
;          |allplus:inst|    ; 2 (2)             ; 0 (0)        ; 0           ; 0            ; 0       ; 0         ; 0    ; 0            ; |ALU|multiply:inst41|danyuan:inst6|allplus:inst  ;              ;
;    |shift:inst4|           ; 6 (6)             ; 0 (0)        ; 0           ; 0            ; 0       ; 0         ; 0    ; 0            ; |ALU|shift:inst4                                 ;              ;
+----------------------------+-------------------+--------------+-------------+--------------+---------+-----------+------+--------------+--------------------------------------------------+--------------+
Note: For table entries with two numbers listed, the numbers in parentheses indicate the number of resources of the given type used by the specific entity alone. The numbers listed outside of parentheses indicate the total resources of the given type used by the specific entity and all of its sub-entities in the hierarchy.


+------------------------------------------------------+
; General Register Statistics                          ;
+----------------------------------------------+-------+
; Statistic                                    ; Value ;
+----------------------------------------------+-------+
; Total registers                              ; 0     ;
; Number of registers using Synchronous Clear  ; 0     ;
; Number of registers using Synchronous Load   ; 0     ;
; Number of registers using Asynchronous Clear ; 0     ;
; Number of registers using Asynchronous Load  ; 0     ;
; Number of registers using Clock Enable       ; 0     ;
; Number of registers using Preset             ; 0     ;
+----------------------------------------------+-------+


+------------------------------------------------------------------------------------------------------------------------------------------+
; Multiplexer Restructuring Statistics (Restructuring Performed)                                                                           ;
+--------------------+-----------+---------------+----------------------+------------------------+------------+----------------------------+
; Multiplexer Inputs ; Bus Width ; Baseline Area ; Area if Restructured ; Saving if Restructured ; Registered ; Example Multiplexer Output ;
+--------------------+-----------+---------------+----------------------+------------------------+------------+----------------------------+
; 3:1                ; 2 bits    ; 4 LEs         ; 4 LEs                ; 0 LEs                  ; No         ; |ALU|inst58                ;
; 4:1                ; 4 bits    ; 8 LEs         ; 8 LEs                ; 0 LEs                  ; No         ; |ALU|inst56                ;
+--------------------+-----------+---------------+----------------------+------------------------+------------+----------------------------+


+-------------------------------+
; Elapsed Time Per Partition    ;
+----------------+--------------+
; Partition Name ; Elapsed Time ;
+----------------+--------------+
; Top            ; 00:00:00     ;
+----------------+--------------+


+-------------------------------+
; Analysis & Synthesis Messages ;
+-------------------------------+
Info: *******************************************************************
Info: Running Quartus II 64-Bit Analysis & Synthesis
    Info: Version 13.0.0 Build 156 04/24/2013 SJ Full Version
    Info: Processing started: Sun Nov 24 17:34:25 2024
Info: Command: quartus_map --read_settings_files=on --write_settings_files=off ALU -c ALU
Info (11104): Parallel Compilation has detected 16 hyper-threaded processors. However, the extra hyper-threaded processors will not be used by default. Parallel Compilation will use 12 of the 12 physical processors detected instead.
Info (12021): Found 1 design units, including 1 entities, in source file alu.bdf
    Info (12023): Found entity 1: ALU
Info (12127): Elaborating entity "ALU" for the top level hierarchy
Info (12128): Elaborating entity "74181" for hierarchy "74181:inst1"
Info (12130): Elaborated megafunction instantiation "74181:inst1"
Warning (12125): Using design file multiply.bdf, which is not specified as a design file for the current project, but contains definitions for 1 design units and 1 entities in project
    Info (12023): Found entity 1: multiply
Info (12128): Elaborating entity "multiply" for hierarchy "multiply:inst41"
Warning (275080): Converted elements in bus name "qq" using legacy naming rules. Make any assignments on the new names, not on the original names.
    Warning (275081): Converted element name(s) from "qq[3]" to "qq3"
    Warning (275081): Converted element name(s) from "qq[1]" to "qq1"
    Warning (275081): Converted element name(s) from "qq[2]" to "qq2"
    Warning (275081): Converted element name(s) from "qq[0]" to "qq0"
    Warning (275081): Converted element name(s) from "qq[4]" to "qq4"
    Warning (275081): Converted element name(s) from "qq[5]" to "qq5"
    Warning (275081): Converted element name(s) from "qq[6]" to "qq6"
    Warning (275081): Converted element name(s) from "qq[7]" to "qq7"
Warning (12125): Using design file danyuan.bdf, which is not specified as a design file for the current project, but contains definitions for 1 design units and 1 entities in project
    Info (12023): Found entity 1: danyuan
Info (12128): Elaborating entity "danyuan" for hierarchy "multiply:inst41|danyuan:inst51"
Warning (12125): Using design file allplus.bdf, which is not specified as a design file for the current project, but contains definitions for 1 design units and 1 entities in project
    Info (12023): Found entity 1: allplus
Info (12128): Elaborating entity "allplus" for hierarchy "multiply:inst41|danyuan:inst51|allplus:inst"
Warning (12125): Using design file shift.bdf, which is not specified as a design file for the current project, but contains definitions for 1 design units and 1 entities in project
    Info (12023): Found entity 1: shift
Info (12128): Elaborating entity "shift" for hierarchy "shift:inst4"
Info (12128): Elaborating entity "74182" for hierarchy "74182:inst2"
Info (12130): Elaborated megafunction instantiation "74182:inst2"
Info (13014): Ignored 30 buffer(s)
    Info (13019): Ignored 30 SOFT buffer(s)
Info (286030): Timing-Driven Synthesis is running
Info (16010): Generating hard_block partition "hard_block:auto_generated_inst"
    Info (16011): Adding 0 node(s), including 0 DDIO, 0 PLL, 0 transceiver and 0 LCELL
Info (21057): Implemented 160 device resources after synthesis - the final resource count might be different
    Info (21058): Implemented 26 input pins
    Info (21059): Implemented 8 output pins
    Info (21061): Implemented 126 logic cells
Info: Quartus II 64-Bit Analysis & Synthesis was successful. 0 errors, 13 warnings
    Info: Peak virtual memory: 4629 megabytes
    Info: Processing ended: Sun Nov 24 17:34:28 2024
    Info: Elapsed time: 00:00:03
    Info: Total CPU time (on all processors): 00:00:01


