Flow report for e3tt_qsim
Tue Dec 10 22:49:41 2024
Quartus II 64-Bit Version 13.0.0 Build 156 04/24/2013 SJ Full Version


---------------------
; Table of Contents ;
---------------------
  1. Legal Notice
  2. Flow Summary
  3. Flow Settings
  4. Flow Non-Default Global Settings
  5. Flow Elapsed Time
  6. Flow OS Summary
  7. Flow Log
  8. Flow Messages
  9. Flow Suppressed Messages



----------------
; Legal Notice ;
----------------
Copyright (C) 1991-2013 Altera Corporation
Your use of Altera Corporation's design tools, logic functions 
and other software and tools, and its AMPP partner logic 
functions, and any output files from any of the foregoing 
(including device programming or simulation files), and any 
associated documentation or information are expressly subject 
to the terms and conditions of the Altera Program License 
Subscription Agreement, Altera MegaCore Function License 
Agreement, or other applicable license agreement, including, 
without limitation, that your use is for the sole purpose of 
programming logic devices manufactured by Altera and sold by 
Altera or its authorized distributors.  Please refer to the 
applicable agreement for further details.



+----------------------------------------------------------------------------------+
; Flow Summary                                                                     ;
+------------------------------------+---------------------------------------------+
; Flow Status                        ; Successful - Tue Dec 10 22:49:41 2024       ;
; Quartus II 64-Bit Version          ; 13.0.0 Build 156 04/24/2013 SJ Full Version ;
; Revision Name                      ; e3tt_qsim                                   ;
; Top-level Entity Name              ; e3tt                                        ;
; Family                             ; Cyclone IV E                                ;
; Device                             ; EP4CE6E22C8                                 ;
; Timing Models                      ; Final                                       ;
; Total logic elements               ; 628 / 6,272 ( 10 % )                        ;
;     Total combinational functions  ; 584 / 6,272 ( 9 % )                         ;
;     Dedicated logic registers      ; 261 / 6,272 ( 4 % )                         ;
; Total registers                    ; 261                                         ;
; Total pins                         ; 14 / 92 ( 15 % )                            ;
; Total virtual pins                 ; 0                                           ;
; Total memory bits                  ; 10,240 / 276,480 ( 4 % )                    ;
; Embedded Multiplier 9-bit elements ; 0 / 30 ( 0 % )                              ;
; Total PLLs                         ; 0 / 2 ( 0 % )                               ;
+------------------------------------+---------------------------------------------+


+-----------------------------------------+
; Flow Settings                           ;
+-------------------+---------------------+
; Option            ; Setting             ;
+-------------------+---------------------+
; Start date & time ; 12/10/2024 22:49:23 ;
; Main task         ; Compilation         ;
; Revision Name     ; e3tt_qsim           ;
+-------------------+---------------------+


+-------------------------------------------------------------------------------------------------------------------+
; Flow Non-Default Global Settings                                                                                  ;
+-------------------------------------+------------------------------+---------------+-------------+----------------+
; Assignment Name                     ; Value                        ; Default Value ; Entity Name ; Section Id     ;
+-------------------------------------+------------------------------+---------------+-------------+----------------+
; COMPILER_SIGNATURE_ID               ; 817172276973.173384216330228 ; --            ; --          ; --             ;
; EDA_GENERATE_FUNCTIONAL_NETLIST     ; On                           ; --            ; --          ; eda_simulation ;
; EDA_OUTPUT_DATA_FORMAT              ; Verilog Hdl                  ; --            ; --          ; eda_simulation ;
; EDA_SIMULATION_TOOL                 ; ModelSim-Altera (Verilog)    ; <None>        ; --          ; --             ;
; IP_TOOL_NAME                        ; ROM: 1-PORT                  ; --            ; --          ; --             ;
; IP_TOOL_NAME                        ; ROM: 1-PORT                  ; --            ; --          ; --             ;
; IP_TOOL_NAME                        ; RAM: 1-PORT                  ; --            ; --          ; --             ;
; IP_TOOL_NAME                        ; RAM: 1-PORT                  ; --            ; --          ; --             ;
; IP_TOOL_NAME                        ; LPM_DIVIDE                   ; --            ; --          ; --             ;
; IP_TOOL_VERSION                     ; 13.0                         ; --            ; --          ; --             ;
; IP_TOOL_VERSION                     ; 13.0                         ; --            ; --          ; --             ;
; IP_TOOL_VERSION                     ; 13.0                         ; --            ; --          ; --             ;
; IP_TOOL_VERSION                     ; 13.0                         ; --            ; --          ; --             ;
; IP_TOOL_VERSION                     ; 13.0                         ; --            ; --          ; --             ;
; MAX_CORE_JUNCTION_TEMP              ; 85                           ; --            ; --          ; --             ;
; MIN_CORE_JUNCTION_TEMP              ; 0                            ; --            ; --          ; --             ;
; MISC_FILE                           ; ROM1.bsf                     ; --            ; --          ; --             ;
; MISC_FILE                           ; ROM1.cmp                     ; --            ; --          ; --             ;
; MISC_FILE                           ; ROM.bsf                      ; --            ; --          ; --             ;
; MISC_FILE                           ; ROM.cmp                      ; --            ; --          ; --             ;
; MISC_FILE                           ; RAM1.bsf                     ; --            ; --          ; --             ;
; MISC_FILE                           ; RAM1.cmp                     ; --            ; --          ; --             ;
; MISC_FILE                           ; RAM.bsf                      ; --            ; --          ; --             ;
; MISC_FILE                           ; RAM.cmp                      ; --            ; --          ; --             ;
; MISC_FILE                           ; div.bsf                      ; --            ; --          ; --             ;
; MISC_FILE                           ; div.cmp                      ; --            ; --          ; --             ;
; PARTITION_COLOR                     ; 16764057                     ; --            ; e3tt        ; Top            ;
; PARTITION_FITTER_PRESERVATION_LEVEL ; PLACEMENT_AND_ROUTING        ; --            ; e3tt        ; Top            ;
; PARTITION_NETLIST_TYPE              ; SOURCE                       ; --            ; e3tt        ; Top            ;
; PROJECT_OUTPUT_DIRECTORY            ; output_files                 ; --            ; --          ; --             ;
; TOP_LEVEL_ENTITY                    ; e3tt                         ; e3tt_qsim     ; --          ; --             ;
+-------------------------------------+------------------------------+---------------+-------------+----------------+


+-------------------------------------------------------------------------------------------------------------------------------+
; Flow Elapsed Time                                                                                                             ;
+---------------------------+--------------+-------------------------+---------------------+------------------------------------+
; Module Name               ; Elapsed Time ; Average Processors Used ; Peak Virtual Memory ; Total CPU Time (on all processors) ;
+---------------------------+--------------+-------------------------+---------------------+------------------------------------+
; Analysis & Synthesis      ; 00:00:05     ; 1.0                     ; 4690 MB             ; 00:00:02                           ;
; Fitter                    ; 00:00:05     ; 4.6                     ; 5690 MB             ; 00:00:03                           ;
; Assembler                 ; 00:00:01     ; 1.0                     ; 4556 MB             ; 00:00:01                           ;
; TimeQuest Timing Analyzer ; 00:00:02     ; 1.0                     ; 4678 MB             ; 00:00:01                           ;
; EDA Netlist Writer        ; 00:00:00     ; 1.0                     ; 4513 MB             ; 00:00:00                           ;
; Total                     ; 00:00:13     ; --                      ; --                  ; 00:00:07                           ;
+---------------------------+--------------+-------------------------+---------------------+------------------------------------+


+----------------------------------------------------------------------------------------+
; Flow OS Summary                                                                        ;
+---------------------------+------------------+-----------+------------+----------------+
; Module Name               ; Machine Hostname ; OS Name   ; OS Version ; Processor type ;
+---------------------------+------------------+-----------+------------+----------------+
; Analysis & Synthesis      ; wyc              ; Windows 7 ; 6.2        ; x86_64         ;
; Fitter                    ; wyc              ; Windows 7 ; 6.2        ; x86_64         ;
; Assembler                 ; wyc              ; Windows 7 ; 6.2        ; x86_64         ;
; TimeQuest Timing Analyzer ; wyc              ; Windows 7 ; 6.2        ; x86_64         ;
; EDA Netlist Writer        ; wyc              ; Windows 7 ; 6.2        ; x86_64         ;
+---------------------------+------------------+-----------+------------+----------------+


------------
; Flow Log ;
------------
quartus_map --read_settings_files=on --write_settings_files=off e3tt -c e3tt_qsim
quartus_fit --read_settings_files=off --write_settings_files=off e3tt -c e3tt_qsim
quartus_asm --read_settings_files=off --write_settings_files=off e3tt -c e3tt_qsim
quartus_sta e3tt -c e3tt_qsim
quartus_eda --read_settings_files=off --write_settings_files=off e3tt -c e3tt_qsim



